#
# There is insufficient memory for the Java Runtime Environment to continue.
# Native memory allocation (mmap) failed to map 3674210304 bytes for committing reserved memory.
# Possible reasons:
#   The system is out of physical RAM or swap space
#   The process is running with CompressedOops enabled, and the Java Heap may be blocking the growth of the native heap
# Possible solutions:
#   Reduce memory load on the system
#   Increase physical memory or swap space
#   Check if swap backing store is full
#   Decrease Java heap size (-Xmx/-Xms)
#   Decrease number of Java threads
#   Decrease Java thread stack sizes (-Xss)
#   Set larger code cache with -XX:ReservedCodeCacheSize=
#   JVM is running with Zero Based Compressed Oops mode in which the Java heap is
#     placed in the first 32GB address space. The Java Heap base address is the
#     maximum limit for the native heap growth. Please use -XX:HeapBaseMinAddress
#     to set the Java Heap base and to place the Java Heap above 32GB virtual address.
# This output file may be truncated or incomplete.
#
#  Out of Memory Error (os_linux.cpp:2787), pid=47346, tid=47347
#
# JRE version:  (17.0.4+8) (build )
# Java VM: OpenJDK 64-Bit Server VM (17.0.4+8-Ubuntu-120.04, mixed mode, sharing, tiered, compressed oops, compressed class ptrs, g1 gc, linux-amd64)
# Core dump will be written. Default location: Core dumps may be processed with "/usr/share/apport/apport -p%p -s%s -c%c -d%d -P%P -u%u -g%g -- %E" (or dumping to /home/ubuntu/world/core.47346)
#

---------------  S U M M A R Y ------------

Command Line: -Xms3500M -Xmx3500M -XX:+UseG1GC -XX:+ParallelRefProcEnabled -XX:MaxGCPauseMillis=200 -XX:+UnlockExperimentalVMOptions -XX:+DisableExplicitGC -XX:+AlwaysPreTouch -XX:G1NewSizePercent=30 -XX:G1MaxNewSizePercent=40 -XX:G1HeapRegionSize=8M -XX:G1ReservePercent=20 -XX:G1HeapWastePercent=5 -XX:G1MixedGCCountTarget=4 -XX:InitiatingHeapOccupancyPercent=15 -XX:G1MixedGCLiveThresholdPercent=90 -XX:G1RSetUpdatingPauseTimePercent=5 -XX:SurvivorRatio=32 -XX:+PerfDisableSharedMem -XX:MaxTenuringThreshold=1 fabric-server-launch.jar nogui

Host: Intel(R) Xeon(R) Gold 6133 CPU @ 2.50GHz, 2 cores, 3G, Ubuntu 20.04 LTS
Time: Tue Oct 18 02:31:01 2022 CST elapsed time: 0.010376 seconds (0d 0h 0m 0s)

---------------  T H R E A D  ---------------

Current thread (0x00007f1470011f50):  JavaThread "Unknown thread" [_thread_in_vm, id=47347, stack(0x00007f1474f93000,0x00007f1475094000)]

Stack: [0x00007f1474f93000,0x00007f1475094000],  sp=0x00007f1475092480,  free space=1021k
Native frames: (J=compiled Java code, j=interpreted, Vv=VM code, C=native code)
V  [libjvm.so+0xf5aa45]
V  [libjvm.so+0xf5b6f1]
V  [libjvm.so+0x617bb7]
V  [libjvm.so+0xc2f9f0]
V  [libjvm.so+0xc289c1]
V  [libjvm.so+0x74870e]
V  [libjvm.so+0x75cdd1]
V  [libjvm.so+0x7f02dc]
V  [libjvm.so+0x7f1329]
V  [libjvm.so+0x7f1542]
V  [libjvm.so+0x7009d6]
V  [libjvm.so+0x701187]
V  [libjvm.so+0xf07b56]
V  [libjvm.so+0x810f5b]
V  [libjvm.so+0xeddc1f]
V  [libjvm.so+0x8dadf5]  JNI_CreateJavaVM+0x55
C  [libjli.so+0x3e01]
C  [libjli.so+0x84ed]


---------------  P R O C E S S  ---------------

Threads class SMR info:
_java_thread_list=0x00007f147677f3a0, length=0, elements={
}

Java Threads: ( => current thread )

Other Threads:
  0x00007f147005cf90 GCTaskThread "GC Thread#0" [stack: 0x00007f1474388000,0x00007f1474488000] [id=47348]
  0x00007f1470061c20 ConcurrentGCThread "G1 Main Marker" [stack: 0x00007f1474286000,0x00007f1474386000] [id=47349]
  0x00007f1470062b80 ConcurrentGCThread "G1 Conc#0" [stack: 0x00007f1474184000,0x00007f1474284000] [id=47350]

[error occurred during error reporting (printing all threads), id 0xb, SIGSEGV (0xb) at pc=0x00007f1475af8a24]

VM state: not at safepoint (not fully initialized)

VM Mutex/Monitor currently owned by a thread:  ([mutex/lock_event])
[0x00007f147000fa30] Heap_lock - owner thread: 0x00007f1470011f50

Heap address: 0x0000000725000000, size: 3504 MB, Compressed Oops mode: Zero based, Oop shift amount: 3

CDS archive(s) mapped at: [0x0000000000000000-0x0000000000000000-0x0000000000000000), size 0, SharedBaseAddress: 0x0000000800000000, ArchiveRelocationMode: 0.
Narrow klass base: 0x0000000000000000, Narrow klass shift: 0, Narrow klass range: 0x0

GC Precious Log:
<Empty>

Heap:
 garbage-first heap   total 0K, used 0K [0x0000000725000000, 0x0000000800000000)
  region size 8192K, 0 young (0K), 0 survivors (0K)

[error occurred during error reporting (printing heap information), id 0xb, SIGSEGV (0xb) at pc=0x00007f14760b585e]

GC Heap History (0 events):
No events

Deoptimization events (0 events):
No events

Classes unloaded (0 events):
No events

Classes redefined (0 events):
No events

Internal exceptions (0 events):
No events

VM Operations (0 events):
No events

Events (3 events):
Event: 0.001 Protecting memory [0x00007f1474f93000,0x00007f1474f97000] with protection modes 0
Event: 0.001 Loaded shared library /usr/lib/jvm/java-17-openjdk-amd64/lib/libjava.so
Event: 0.001 Loaded shared library /usr/lib/jvm/java-17-openjdk-amd64/lib/libzip.so


Dynamic libraries:
55e4e9aa5000-55e4e9aa6000 r--p 00000000 fc:02 665977                     /usr/lib/jvm/java-17-openjdk-amd64/bin/java
55e4e9aa6000-55e4e9aa7000 r-xp 00001000 fc:02 665977                     /usr/lib/jvm/java-17-openjdk-amd64/bin/java
55e4e9aa7000-55e4e9aa8000 r--p 00002000 fc:02 665977                     /usr/lib/jvm/java-17-openjdk-amd64/bin/java
55e4e9aa8000-55e4e9aa9000 r--p 00002000 fc:02 665977                     /usr/lib/jvm/java-17-openjdk-amd64/bin/java
55e4e9aa9000-55e4e9aaa000 rw-p 00003000 fc:02 665977                     /usr/lib/jvm/java-17-openjdk-amd64/bin/java
55e4eaeff000-55e4eaf20000 rw-p 00000000 00:00 0                          [heap]
7f1442000000-7f1444000000 rw-p 00000000 00:00 0 
7f1444000000-7f1444021000 rw-p 00000000 00:00 0 
7f1444021000-7f1448000000 ---p 00000000 00:00 0 
7f1448000000-7f1448021000 rw-p 00000000 00:00 0 
7f1448021000-7f144c000000 ---p 00000000 00:00 0 
7f144c000000-7f144c021000 rw-p 00000000 00:00 0 
7f144c021000-7f1450000000 ---p 00000000 00:00 0 
7f145150f000-7f1451610000 rw-p 00000000 00:00 0 
7f1451610000-7f1459140000 ---p 00000000 00:00 0 
7f1459140000-7f14593b0000 rwxp 00000000 00:00 0 
7f14593b0000-7f14596cf000 ---p 00000000 00:00 0 
7f14596cf000-7f145993f000 rwxp 00000000 00:00 0 
7f145993f000-7f1460c07000 ---p 00000000 00:00 0 
7f1460c07000-7f1460e77000 rwxp 00000000 00:00 0 
7f1460e77000-7f1468140000 ---p 00000000 00:00 0 
7f1468140000-7f1470000000 r--s 00000000 fc:02 666126                     /usr/lib/jvm/java-17-openjdk-amd64/lib/modules
7f1470000000-7f1470075000 rw-p 00000000 00:00 0 
7f1470075000-7f1474000000 ---p 00000000 00:00 0 
7f1474081000-7f1474182000 rw-p 00000000 00:00 0 
7f1474182000-7f1474183000 ---p 00000000 00:00 0 
7f1474183000-7f1474284000 rw-p 00000000 00:00 0 
7f1474284000-7f1474285000 ---p 00000000 00:00 0 
7f1474285000-7f1474386000 rw-p 00000000 00:00 0 
7f1474386000-7f1474387000 ---p 00000000 00:00 0 
7f1474387000-7f1474497000 rw-p 00000000 00:00 0 
7f1474497000-7f1474b6f000 ---p 00000000 00:00 0 
7f1474b6f000-7f1474d76000 rw-p 00000000 00:00 0 
7f1474d76000-7f1474e5c000 ---p 00000000 00:00 0 
7f1474e5c000-7f1474e61000 rw-p 00000000 00:00 0 
7f1474e61000-7f1474f47000 ---p 00000000 00:00 0 
7f1474f47000-7f1474f4c000 rw-p 00000000 00:00 0 
7f1474f4c000-7f1474f53000 ---p 00000000 00:00 0 
7f1474f53000-7f1474f55000 r--s 0000c000 fc:02 167928                     /usr/share/java/java-atk-wrapper.jar
7f1474f55000-7f1474f57000 r--p 00000000 fc:02 666125                     /usr/lib/jvm/java-17-openjdk-amd64/lib/libzip.so
7f1474f57000-7f1474f5c000 r-xp 00002000 fc:02 666125                     /usr/lib/jvm/java-17-openjdk-amd64/lib/libzip.so
7f1474f5c000-7f1474f5e000 r--p 00007000 fc:02 666125                     /usr/lib/jvm/java-17-openjdk-amd64/lib/libzip.so
7f1474f5e000-7f1474f5f000 r--p 00008000 fc:02 666125                     /usr/lib/jvm/java-17-openjdk-amd64/lib/libzip.so
7f1474f5f000-7f1474f60000 rw-p 00009000 fc:02 666125                     /usr/lib/jvm/java-17-openjdk-amd64/lib/libzip.so
7f1474f60000-7f1474f6c000 r--p 00000000 fc:02 666104                     /usr/lib/jvm/java-17-openjdk-amd64/lib/libjava.so
7f1474f6c000-7f1474f7f000 r-xp 0000c000 fc:02 666104                     /usr/lib/jvm/java-17-openjdk-amd64/lib/libjava.so
7f1474f7f000-7f1474f85000 r--p 0001f000 fc:02 666104                     /usr/lib/jvm/java-17-openjdk-amd64/lib/libjava.so
7f1474f85000-7f1474f86000 ---p 00025000 fc:02 666104                     /usr/lib/jvm/java-17-openjdk-amd64/lib/libjava.so
7f1474f86000-7f1474f87000 r--p 00025000 fc:02 666104                     /usr/lib/jvm/java-17-openjdk-amd64/lib/libjava.so
7f1474f87000-7f1474f88000 rw-p 00026000 fc:02 666104                     /usr/lib/jvm/java-17-openjdk-amd64/lib/libjava.so
7f1474f88000-7f1474f91000 rw-p 00000000 00:00 0 
7f1474f91000-7f1474f92000 ---p 00000000 00:00 0 
7f1474f92000-7f1474f93000 r--p 00000000 00:00 0 
7f1474f93000-7f1474f97000 ---p 00000000 00:00 0 
7f1474f97000-7f1475094000 rw-p 00000000 00:00 0 
7f1475094000-7f1475097000 r--p 00000000 fc:02 130941                     /usr/lib/x86_64-linux-gnu/libgcc_s.so.1
7f1475097000-7f14750a9000 r-xp 00003000 fc:02 130941                     /usr/lib/x86_64-linux-gnu/libgcc_s.so.1
7f14750a9000-7f14750ad000 r--p 00015000 fc:02 130941                     /usr/lib/x86_64-linux-gnu/libgcc_s.so.1
7f14750ad000-7f14750ae000 r--p 00018000 fc:02 130941                     /usr/lib/x86_64-linux-gnu/libgcc_s.so.1
7f14750ae000-7f14750af000 rw-p 00019000 fc:02 130941                     /usr/lib/x86_64-linux-gnu/libgcc_s.so.1
7f14750af000-7f14750bc000 r--p 00000000 fc:02 136988                     /usr/lib/x86_64-linux-gnu/libm-2.31.so
7f14750bc000-7f1475163000 r-xp 0000d000 fc:02 136988                     /usr/lib/x86_64-linux-gnu/libm-2.31.so
7f1475163000-7f14751fc000 r--p 000b4000 fc:02 136988                     /usr/lib/x86_64-linux-gnu/libm-2.31.so
7f14751fc000-7f14751fd000 r--p 0014c000 fc:02 136988                     /usr/lib/x86_64-linux-gnu/libm-2.31.so
7f14751fd000-7f14751fe000 rw-p 0014d000 fc:02 136988                     /usr/lib/x86_64-linux-gnu/libm-2.31.so
7f14751fe000-7f1475294000 r--p 00000000 fc:02 130956                     /usr/lib/x86_64-linux-gnu/libstdc++.so.6.0.28
7f1475294000-7f1475385000 r-xp 00096000 fc:02 130956                     /usr/lib/x86_64-linux-gnu/libstdc++.so.6.0.28
7f1475385000-7f14753ce000 r--p 00187000 fc:02 130956                     /usr/lib/x86_64-linux-gnu/libstdc++.so.6.0.28
7f14753ce000-7f14753cf000 ---p 001d0000 fc:02 130956                     /usr/lib/x86_64-linux-gnu/libstdc++.so.6.0.28
7f14753cf000-7f14753da000 r--p 001d0000 fc:02 130956                     /usr/lib/x86_64-linux-gnu/libstdc++.so.6.0.28
7f14753da000-7f14753dd000 rw-p 001db000 fc:02 130956                     /usr/lib/x86_64-linux-gnu/libstdc++.so.6.0.28
7f14753dd000-7f14753e0000 rw-p 00000000 00:00 0 
7f14753e0000-7f1475630000 r--p 00000000 fc:02 666132                     /usr/lib/jvm/java-17-openjdk-amd64/lib/server/libjvm.so
7f1475630000-7f14763bd000 r-xp 00250000 fc:02 666132                     /usr/lib/jvm/java-17-openjdk-amd64/lib/server/libjvm.so
7f14763bd000-7f1476642000 r--p 00fdd000 fc:02 666132                     /usr/lib/jvm/java-17-openjdk-amd64/lib/server/libjvm.so
7f1476642000-7f1476643000 ---p 01262000 fc:02 666132                     /usr/lib/jvm/java-17-openjdk-amd64/lib/server/libjvm.so
7f1476643000-7f14766fb000 r--p 01262000 fc:02 666132                     /usr/lib/jvm/java-17-openjdk-amd64/lib/server/libjvm.so
7f14766fb000-7f1476730000 rw-p 0131a000 fc:02 666132                     /usr/lib/jvm/java-17-openjdk-amd64/lib/server/libjvm.so
7f1476730000-7f147678b000 rw-p 00000000 00:00 0 
7f147678b000-7f1476791000 r--p 00000000 fc:02 137010                     /usr/lib/x86_64-linux-gnu/libpthread-2.31.so
7f1476791000-7f14767a2000 r-xp 00006000 fc:02 137010                     /usr/lib/x86_64-linux-gnu/libpthread-2.31.so
7f14767a2000-7f14767a8000 r--p 00017000 fc:02 137010                     /usr/lib/x86_64-linux-gnu/libpthread-2.31.so
7f14767a8000-7f14767a9000 r--p 0001c000 fc:02 137010                     /usr/lib/x86_64-linux-gnu/libpthread-2.31.so
7f14767a9000-7f14767aa000 rw-p 0001d000 fc:02 137010                     /usr/lib/x86_64-linux-gnu/libpthread-2.31.so
7f14767aa000-7f14767ae000 rw-p 00000000 00:00 0 
7f14767ae000-7f14767af000 r--p 00000000 fc:02 136987                     /usr/lib/x86_64-linux-gnu/libdl-2.31.so
7f14767af000-7f14767b1000 r-xp 00001000 fc:02 136987                     /usr/lib/x86_64-linux-gnu/libdl-2.31.so
7f14767b1000-7f14767b2000 r--p 00003000 fc:02 136987                     /usr/lib/x86_64-linux-gnu/libdl-2.31.so
7f14767b2000-7f14767b3000 r--p 00003000 fc:02 136987                     /usr/lib/x86_64-linux-gnu/libdl-2.31.so
7f14767b3000-7f14767b4000 rw-p 00004000 fc:02 136987                     /usr/lib/x86_64-linux-gnu/libdl-2.31.so
7f14767b4000-7f14767b6000 r--p 00000000 fc:02 130189                     /usr/lib/x86_64-linux-gnu/libz.so.1.2.11
7f14767b6000-7f14767c7000 r-xp 00002000 fc:02 130189                     /usr/lib/x86_64-linux-gnu/libz.so.1.2.11
7f14767c7000-7f14767cd000 r--p 00013000 fc:02 130189                     /usr/lib/x86_64-linux-gnu/libz.so.1.2.11
7f14767cd000-7f14767ce000 ---p 00019000 fc:02 130189                     /usr/lib/x86_64-linux-gnu/libz.so.1.2.11
7f14767ce000-7f14767cf000 r--p 00019000 fc:02 130189                     /usr/lib/x86_64-linux-gnu/libz.so.1.2.11
7f14767cf000-7f14767d0000 rw-p 0001a000 fc:02 130189                     /usr/lib/x86_64-linux-gnu/libz.so.1.2.11
7f14767d0000-7f14767f2000 r--p 00000000 fc:02 136981                     /usr/lib/x86_64-linux-gnu/libc-2.31.so
7f14767f2000-7f147696a000 r-xp 00022000 fc:02 136981                     /usr/lib/x86_64-linux-gnu/libc-2.31.so
7f147696a000-7f14769b8000 r--p 0019a000 fc:02 136981                     /usr/lib/x86_64-linux-gnu/libc-2.31.so
7f14769b8000-7f14769bc000 r--p 001e7000 fc:02 136981                     /usr/lib/x86_64-linux-gnu/libc-2.31.so
7f14769bc000-7f14769be000 rw-p 001eb000 fc:02 136981                     /usr/lib/x86_64-linux-gnu/libc-2.31.so
7f14769be000-7f14769c2000 rw-p 00000000 00:00 0 
7f14769c3000-7f14769c5000 r--p 00000000 fc:02 666107                     /usr/lib/jvm/java-17-openjdk-amd64/lib/libjimage.so
7f14769c5000-7f14769c8000 r-xp 00002000 fc:02 666107                     /usr/lib/jvm/java-17-openjdk-amd64/lib/libjimage.so
7f14769c8000-7f14769c9000 r--p 00005000 fc:02 666107                     /usr/lib/jvm/java-17-openjdk-amd64/lib/libjimage.so
7f14769c9000-7f14769ca000 ---p 00006000 fc:02 666107                     /usr/lib/jvm/java-17-openjdk-amd64/lib/libjimage.so
7f14769ca000-7f14769cb000 r--p 00006000 fc:02 666107                     /usr/lib/jvm/java-17-openjdk-amd64/lib/libjimage.so
7f14769cb000-7f14769cc000 rw-p 00007000 fc:02 666107                     /usr/lib/jvm/java-17-openjdk-amd64/lib/libjimage.so
7f14769cc000-7f14769ce000 r--p 00000000 fc:02 666108                     /usr/lib/jvm/java-17-openjdk-amd64/lib/libjli.so
7f14769ce000-7f14769d8000 r-xp 00002000 fc:02 666108                     /usr/lib/jvm/java-17-openjdk-amd64/lib/libjli.so
7f14769d8000-7f14769db000 r--p 0000c000 fc:02 666108                     /usr/lib/jvm/java-17-openjdk-amd64/lib/libjli.so
7f14769db000-7f14769dc000 ---p 0000f000 fc:02 666108                     /usr/lib/jvm/java-17-openjdk-amd64/lib/libjli.so
7f14769dc000-7f14769dd000 r--p 0000f000 fc:02 666108                     /usr/lib/jvm/java-17-openjdk-amd64/lib/libjli.so
7f14769dd000-7f14769de000 rw-p 00010000 fc:02 666108                     /usr/lib/jvm/java-17-openjdk-amd64/lib/libjli.so
7f14769de000-7f14769e0000 rw-p 00000000 00:00 0 
7f14769e0000-7f14769e1000 r--p 00000000 fc:02 136977                     /usr/lib/x86_64-linux-gnu/ld-2.31.so
7f14769e1000-7f1476a04000 r-xp 00001000 fc:02 136977                     /usr/lib/x86_64-linux-gnu/ld-2.31.so
7f1476a04000-7f1476a0c000 r--p 00024000 fc:02 136977                     /usr/lib/x86_64-linux-gnu/ld-2.31.so
7f1476a0c000-7f1476a0d000 ---p 00000000 00:00 0 
7f1476a0d000-7f1476a0e000 r--p 0002c000 fc:02 136977                     /usr/lib/x86_64-linux-gnu/ld-2.31.so
7f1476a0e000-7f1476a0f000 rw-p 0002d000 fc:02 136977                     /usr/lib/x86_64-linux-gnu/ld-2.31.so
7f1476a0f000-7f1476a10000 rw-p 00000000 00:00 0 
7ffea1742000-7ffea1763000 rw-p 00000000 00:00 0                          [stack]
7ffea179f000-7ffea17a2000 r--p 00000000 00:00 0                          [vvar]
7ffea17a2000-7ffea17a3000 r-xp 00000000 00:00 0                          [vdso]
ffffffffff600000-ffffffffff601000 --xp 00000000 00:00 0                  [vsyscall]


VM Arguments:
jvm_args: -Xms3500M -Xmx3500M -XX:+UseG1GC -XX:+ParallelRefProcEnabled -XX:MaxGCPauseMillis=200 -XX:+UnlockExperimentalVMOptions -XX:+DisableExplicitGC -XX:+AlwaysPreTouch -XX:G1NewSizePercent=30 -XX:G1MaxNewSizePercent=40 -XX:G1HeapRegionSize=8M -XX:G1ReservePercent=20 -XX:G1HeapWastePercent=5 -XX:G1MixedGCCountTarget=4 -XX:InitiatingHeapOccupancyPercent=15 -XX:G1MixedGCLiveThresholdPercent=90 -XX:G1RSetUpdatingPauseTimePercent=5 -XX:SurvivorRatio=32 -XX:+PerfDisableSharedMem -XX:MaxTenuringThreshold=1 
java_command: fabric-server-launch.jar nogui
java_class_path (initial): fabric-server-launch.jar
Launcher Type: SUN_STANDARD

[Global flags]
     bool AlwaysPreTouch                           = true                                      {product} {command line}
     bool AlwaysTenure                             = false                                     {product} {command line}
     intx CICompilerCount                          = 2                                         {product} {ergonomic}
     uint ConcGCThreads                            = 1                                         {product} {ergonomic}
     bool DisableExplicitGC                        = true                                      {product} {command line}
     uint G1ConcRefinementThreads                  = 2                                         {product} {ergonomic}
     uint G1EagerReclaimRemSetThreshold            = 64                                   {experimental} {ergonomic}
   size_t G1HeapRegionSize                         = 8388608                                   {product} {command line}
    uintx G1HeapWastePercent                       = 5                                         {product} {command line}
    uintx G1MaxNewSizePercent                      = 40                                   {experimental} {command line}
    uintx G1MixedGCCountTarget                     = 4                                         {product} {command line}
    uintx G1MixedGCLiveThresholdPercent            = 90                                   {experimental} {command line}
    uintx G1NewSizePercent                         = 30                                   {experimental} {command line}
     intx G1RSetUpdatingPauseTimePercent           = 5                                         {product} {command line}
    uintx G1ReservePercent                         = 20                                        {product} {command line}
    uintx GCDrainStackTargetSize                   = 64                                        {product} {ergonomic}
   size_t InitialHeapSize                          = 3674210304                                {product} {command line, ergonomic}
    uintx InitialTenuringThreshold                 = 1                                         {product} {ergonomic}
    uintx InitiatingHeapOccupancyPercent           = 15                                        {product} {command line}
   size_t MarkStackSize                            = 4194304                                   {product} {ergonomic}
    uintx MaxGCPauseMillis                         = 200                                       {product} {command line}
   size_t MaxHeapSize                              = 3674210304                                {product} {command line, ergonomic}
    uintx MaxTenuringThreshold                     = 1                                         {product} {command line}
   size_t MinHeapDeltaBytes                        = 8388608                                   {product} {ergonomic}
   size_t MinHeapSize                              = 3674210304                                {product} {command line, ergonomic}
     bool NeverTenure                              = false                                     {product} {command line}
    uintx NonNMethodCodeHeapSize                   = 5826188                                {pd product} {ergonomic}
    uintx NonProfiledCodeHeapSize                  = 122916026                              {pd product} {ergonomic}
     bool ParallelRefProcEnabled                   = true                                      {product} {command line}
     bool PerfDisableSharedMem                     = true                                      {product} {command line}
    uintx ProfiledCodeHeapSize                     = 122916026                              {pd product} {ergonomic}
    uintx ReservedCodeCacheSize                    = 251658240                              {pd product} {ergonomic}
     bool SegmentedCodeCache                       = true                                      {product} {ergonomic}
   size_t SoftMaxHeapSize                          = 3674210304                             {manageable} {ergonomic}
    uintx SurvivorRatio                            = 32                                        {product} {command line}
     bool UnlockExperimentalVMOptions              = true                                 {experimental} {command line}
     bool UseCompressedClassPointers               = true                           {product lp64_product} {ergonomic}
     bool UseCompressedOops                        = true                           {product lp64_product} {ergonomic}
     bool UseG1GC                                  = true                                      {product} {command line}

Logging:
Log output configuration:
 #0: stdout all=warning uptime,level,tags
 #1: stderr all=off uptime,level,tags

Environment Variables:
PATH=/usr/local/sbin:/usr/local/bin:/usr/sbin:/usr/bin:/sbin:/bin:/snap/bin
SHELL=/bin/bash
LANG=en_US.utf8
TERM=screen.xterm-256color

Signal Handlers:
   SIGSEGV: 0x00007f147633b710 in libjvm.so+16103184, mask=11100100010111111101111111111110, flags=SA_RESTART|SA_SIGINFO
    SIGBUS: 0x00007f147633b710 in libjvm.so+16103184, mask=11100100010111111101111111111110, flags=SA_RESTART|SA_SIGINFO
    SIGFPE: 0x00007f147633b710 in libjvm.so+16103184, mask=11100100010111111101111111111110, flags=SA_RESTART|SA_SIGINFO
   SIGPIPE: 0x00007f14761dd480 in libjvm.so+14668928, mask=11100100010111111101111111111110, flags=SA_RESTART|SA_SIGINFO
   SIGXFSZ: 0x00007f14761dd480 in libjvm.so+14668928, mask=11100100010111111101111111111110, flags=SA_RESTART|SA_SIGINFO
    SIGILL: 0x00007f147633b710 in libjvm.so+16103184, mask=11100100010111111101111111111110, flags=SA_RESTART|SA_SIGINFO
   SIGUSR2: 0x00007f14761dcaf0 in libjvm.so+14666480, mask=00000000000000000000000000000000, flags=SA_RESTART|SA_SIGINFO
    SIGHUP: SIG_DFL, mask=00000000000000000000000000000000, flags=none
    SIGINT: SIG_DFL, mask=00000000000000000000000000000000, flags=none
   SIGTERM: SIG_DFL, mask=00000000000000000000000000000000, flags=none
   SIGQUIT: 0x00007f14761dd480 in libjvm.so+14668928, mask=11100100010111111101111111111110, flags=SA_RESTART|SA_SIGINFO
   SIGTRAP: 0x00007f147633b710 in libjvm.so+16103184, mask=11100100010111111101111111111110, flags=SA_RESTART|SA_SIGINFO


---------------  S Y S T E M  ---------------

OS:
DISTRIB_ID=Ubuntu
DISTRIB_RELEASE=20.04
DISTRIB_CODENAME=focal
DISTRIB_DESCRIPTION="Ubuntu 20.04 LTS"
uname: Linux 5.4.0-126-generic #142-Ubuntu SMP Fri Aug 26 12:12:57 UTC 2022 x86_64
OS uptime: 0 days 3:51 hours
libc: glibc 2.31 NPTL 2.31 
rlimit (soft/hard): STACK 8192k/infinity , CORE 0k/infinity , NPROC 13293/13293 , NOFILE 1048576/1048576 , AS infinity/infinity , CPU infinity/infinity , DATA infinity/infinity , FSIZE infinity/infinity , MEMLOCK 65536k/65536k
load average: 0.29 2.10 2.03

/proc/meminfo:
MemTotal:        3501224 kB
MemFree:         2738484 kB
MemAvailable:    2938344 kB
Buffers:            7636 kB
Cached:           390352 kB
SwapCached:            0 kB
Active:           259092 kB
Inactive:         358312 kB
Active(anon):     229388 kB
Inactive(anon):     1880 kB
Active(file):      29704 kB
Inactive(file):   356432 kB
Unevictable:       21080 kB
Mlocked:           21080 kB
SwapTotal:             0 kB
SwapFree:              0 kB
Dirty:               272 kB
Writeback:             0 kB
AnonPages:        240504 kB
Mapped:            62660 kB
Shmem:              2348 kB
KReclaimable:      33200 kB
Slab:              88736 kB
SReclaimable:      33200 kB
SUnreclaim:        55536 kB
KernelStack:        3188 kB
PageTables:         3364 kB
NFS_Unstable:          0 kB
Bounce:                0 kB
WritebackTmp:          0 kB
CommitLimit:     1750612 kB
Committed_AS:    1213556 kB
VmallocTotal:   34359738367 kB
VmallocUsed:       10884 kB
VmallocChunk:          0 kB
Percpu:             1552 kB
HardwareCorrupted:     0 kB
AnonHugePages:         0 kB
ShmemHugePages:        0 kB
ShmemPmdMapped:        0 kB
FileHugePages:         0 kB
FilePmdMapped:         0 kB
CmaTotal:              0 kB
CmaFree:               0 kB
HugePages_Total:       0
HugePages_Free:        0
HugePages_Rsvd:        0
HugePages_Surp:        0
Hugepagesize:       2048 kB
Hugetlb:               0 kB
DirectMap4k:      132984 kB
DirectMap2M:     4061184 kB
DirectMap1G:     2097152 kB

/sys/kernel/mm/transparent_hugepage/enabled: always [madvise] never
/sys/kernel/mm/transparent_hugepage/defrag (defrag/compaction efforts parameter): always defer defer+madvise [madvise] never

Process Memory:
Virtual Size: 840488K (peak: 4428584K)
Resident Set Size: 22136K (peak: 22136K) (anon: 9360K, file: 12776K, shmem: 0K)
Swapped out: 0K
C-Heap outstanding allocations: 4689K, retained: 438K
glibc malloc tunables: (default)

/proc/sys/kernel/threads-max (system-wide limit on the number of threads): 26587
/proc/sys/vm/max_map_count (maximum number of memory map areas a process may have): 65530
/proc/sys/kernel/pid_max (system-wide limit on number of process identifiers): 4194304

container (cgroup) information:
container_type: cgroupv1
cpu_cpuset_cpus: 0-1
cpu_memory_nodes: 0
active_processor_count: 2
cpu_quota: no quota
cpu_period: 100000
cpu_shares: no shares
memory_limit_in_bytes: unlimited
memory_and_swap_limit_in_bytes: not supported
memory_soft_limit_in_bytes: unlimited
memory_usage_in_bytes: 352988 k
memory_max_usage_in_bytes: 3048456 k
maximum number of tasks: unlimited
current number of tasks: 12

KVM virtualization detected
Steal ticks since vm start: 0
Steal ticks percentage since vm start:  0.000

CPU: total 2 (initial active 2) (2 cores per cpu, 1 threads per core) family 6 model 94 stepping 3 microcode 0x1, cx8, cmov, fxsr, mmx, 3dnowpref, sse, sse2, sse3, ssse3, sse4.1, sse4.2, popcnt, lzcnt, tsc, avx, avx2, aes, erms, clmul, bmi1, bmi2, rtm, adx, fma, vzeroupper, clflush, clflushopt, hv
CPU Model and flags from /proc/cpuinfo:
model name	: Intel(R) Xeon(R) Gold 6133 CPU @ 2.50GHz
flags		: fpu vme de pse tsc msr pae mce cx8 apic sep mtrr pge mca cmov pat pse36 clflush mmx fxsr sse sse2 ss ht syscall nx pdpe1gb rdtscp lm constant_tsc rep_good nopl cpuid tsc_known_freq pni pclmulqdq ssse3 fma cx16 pcid sse4_1 sse4_2 x2apic movbe popcnt tsc_deadline_timer aes xsave avx f16c rdrand hypervisor lahf_lm abm 3dnowprefetch invpcid_single pti fsgsbase bmi1 hle avx2 smep bmi2 erms invpcid rtm mpx rdseed adx smap clflushopt xsaveopt xsavec xgetbv1 arat

Online cpus: 0-1
Offline cpus: 
BIOS frequency limitation: <Not Available>
Frequency switch latency (ns): <Not Available>
Available cpu frequencies: <Not Available>
Current governor: <Not Available>
Core performance/turbo boost: <Not Available>

Memory: 4k page, physical 3501224k(2738484k free), swap 0k(0k free)
Page Sizes: 4k

vm_info: OpenJDK 64-Bit Server VM (17.0.4+8-Ubuntu-120.04) for linux-amd64 JRE (17.0.4+8-Ubuntu-120.04), built on Jul 22 2022 09:53:09 by "buildd" with gcc 9.4.0

END.
