#
# There is insufficient memory for the Java Runtime Environment to continue.
# Native memory allocation (mmap) failed to map 3674210304 bytes for committing reserved memory.
# Possible reasons:
#   The system is out of physical RAM or swap space
#   The process is running with CompressedOops enabled, and the Java Heap may be blocking the growth of the native heap
# Possible solutions:
#   Reduce memory load on the system
#   Increase physical memory or swap space
#   Check if swap backing store is full
#   Decrease Java heap size (-Xmx/-Xms)
#   Decrease number of Java threads
#   Decrease Java thread stack sizes (-Xss)
#   Set larger code cache with -XX:ReservedCodeCacheSize=
#   JVM is running with Zero Based Compressed Oops mode in which the Java heap is
#     placed in the first 32GB address space. The Java Heap base address is the
#     maximum limit for the native heap growth. Please use -XX:HeapBaseMinAddress
#     to set the Java Heap base and to place the Java Heap above 32GB virtual address.
# This output file may be truncated or incomplete.
#
#  Out of Memory Error (os_linux.cpp:2787), pid=47310, tid=47311
#
# JRE version:  (17.0.4+8) (build )
# Java VM: OpenJDK 64-Bit Server VM (17.0.4+8-Ubuntu-120.04, mixed mode, sharing, tiered, compressed oops, compressed class ptrs, g1 gc, linux-amd64)
# Core dump will be written. Default location: Core dumps may be processed with "/usr/share/apport/apport -p%p -s%s -c%c -d%d -P%P -u%u -g%g -- %E" (or dumping to /home/ubuntu/world/core.47310)
#

---------------  S U M M A R Y ------------

Command Line: -Xms3500M -Xmx3500M -XX:+UseG1GC -XX:+ParallelRefProcEnabled -XX:MaxGCPauseMillis=200 -XX:+UnlockExperimentalVMOptions -XX:+DisableExplicitGC -XX:+AlwaysPreTouch -XX:G1NewSizePercent=30 -XX:G1MaxNewSizePercent=40 -XX:G1HeapRegionSize=8M -XX:G1ReservePercent=20 -XX:G1HeapWastePercent=5 -XX:G1MixedGCCountTarget=4 -XX:InitiatingHeapOccupancyPercent=15 -XX:G1MixedGCLiveThresholdPercent=90 -XX:G1RSetUpdatingPauseTimePercent=5 -XX:SurvivorRatio=32 -XX:+PerfDisableSharedMem -XX:MaxTenuringThreshold=1 fabric-server-launch.jar nogui

Host: Intel(R) Xeon(R) Gold 6133 CPU @ 2.50GHz, 2 cores, 3G, Ubuntu 20.04 LTS
Time: Tue Oct 18 02:30:53 2022 CST elapsed time: 0.024833 seconds (0d 0h 0m 0s)

---------------  T H R E A D  ---------------

Current thread (0x00007f0c74011f50):  JavaThread "Unknown thread" [_thread_in_vm, id=47311, stack(0x00007f0c79460000,0x00007f0c79561000)]

Stack: [0x00007f0c79460000,0x00007f0c79561000],  sp=0x00007f0c7955f480,  free space=1021k
Native frames: (J=compiled Java code, j=interpreted, Vv=VM code, C=native code)
V  [libjvm.so+0xf5aa45]
V  [libjvm.so+0xf5b6f1]
V  [libjvm.so+0x617bb7]
V  [libjvm.so+0xc2f9f0]
V  [libjvm.so+0xc289c1]
V  [libjvm.so+0x74870e]
V  [libjvm.so+0x75cdd1]
V  [libjvm.so+0x7f02dc]
V  [libjvm.so+0x7f1329]
V  [libjvm.so+0x7f1542]
V  [libjvm.so+0x7009d6]
V  [libjvm.so+0x701187]
V  [libjvm.so+0xf07b56]
V  [libjvm.so+0x810f5b]
V  [libjvm.so+0xeddc1f]
V  [libjvm.so+0x8dadf5]  JNI_CreateJavaVM+0x55
C  [libjli.so+0x3e01]
C  [libjli.so+0x84ed]


---------------  P R O C E S S  ---------------

Threads class SMR info:
_java_thread_list=0x00007f0c7ac4c3a0, length=0, elements={
}

Java Threads: ( => current thread )

Other Threads:
  0x00007f0c7405cf90 GCTaskThread "GC Thread#0" [stack: 0x00007f0c7817d000,0x00007f0c7827d000] [id=47312]
  0x00007f0c74061c20 ConcurrentGCThread "G1 Main Marker" [stack: 0x00007f0c7807b000,0x00007f0c7817b000] [id=47313]
  0x00007f0c74062b80 ConcurrentGCThread "G1 Conc#0" [stack: 0x00007f0c55be8000,0x00007f0c55ce8000] [id=47314]

[error occurred during error reporting (printing all threads), id 0xb, SIGSEGV (0xb) at pc=0x00007f0c79fc5a24]

VM state: not at safepoint (not fully initialized)

VM Mutex/Monitor currently owned by a thread:  ([mutex/lock_event])
[0x00007f0c7400fa30] Heap_lock - owner thread: 0x00007f0c74011f50

Heap address: 0x0000000725000000, size: 3504 MB, Compressed Oops mode: Zero based, Oop shift amount: 3

CDS archive(s) mapped at: [0x0000000000000000-0x0000000000000000-0x0000000000000000), size 0, SharedBaseAddress: 0x0000000800000000, ArchiveRelocationMode: 0.
Narrow klass base: 0x0000000000000000, Narrow klass shift: 0, Narrow klass range: 0x0

GC Precious Log:
<Empty>

Heap:
 garbage-first heap   total 0K, used 0K [0x0000000725000000, 0x0000000800000000)
  region size 8192K, 0 young (0K), 0 survivors (0K)

[error occurred during error reporting (printing heap information), id 0xb, SIGSEGV (0xb) at pc=0x00007f0c7a58285e]

GC Heap History (0 events):
No events

Deoptimization events (0 events):
No events

Classes unloaded (0 events):
No events

Classes redefined (0 events):
No events

Internal exceptions (0 events):
No events

VM Operations (0 events):
No events

Events (3 events):
Event: 0.003 Protecting memory [0x00007f0c79460000,0x00007f0c79464000] with protection modes 0
Event: 0.006 Loaded shared library /usr/lib/jvm/java-17-openjdk-amd64/lib/libjava.so
Event: 0.006 Loaded shared library /usr/lib/jvm/java-17-openjdk-amd64/lib/libzip.so


Dynamic libraries:
563fb2de7000-563fb2de8000 r--p 00000000 fc:02 665977                     /usr/lib/jvm/java-17-openjdk-amd64/bin/java
563fb2de8000-563fb2de9000 r-xp 00001000 fc:02 665977                     /usr/lib/jvm/java-17-openjdk-amd64/bin/java
563fb2de9000-563fb2dea000 r--p 00002000 fc:02 665977                     /usr/lib/jvm/java-17-openjdk-amd64/bin/java
563fb2dea000-563fb2deb000 r--p 00002000 fc:02 665977                     /usr/lib/jvm/java-17-openjdk-amd64/bin/java
563fb2deb000-563fb2dec000 rw-p 00003000 fc:02 665977                     /usr/lib/jvm/java-17-openjdk-amd64/bin/java
563fb3e19000-563fb3e3a000 rw-p 00000000 00:00 0                          [heap]
7f0c46000000-7f0c48000000 rw-p 00000000 00:00 0 
7f0c48000000-7f0c48021000 rw-p 00000000 00:00 0 
7f0c48021000-7f0c4c000000 ---p 00000000 00:00 0 
7f0c4c000000-7f0c4c021000 rw-p 00000000 00:00 0 
7f0c4c021000-7f0c50000000 ---p 00000000 00:00 0 
7f0c50000000-7f0c50021000 rw-p 00000000 00:00 0 
7f0c50021000-7f0c54000000 ---p 00000000 00:00 0 
7f0c559e4000-7f0c55be6000 rw-p 00000000 00:00 0 
7f0c55be6000-7f0c55be7000 ---p 00000000 00:00 0 
7f0c55be7000-7f0c55ce8000 rw-p 00000000 00:00 0 
7f0c55ce8000-7f0c5d140000 ---p 00000000 00:00 0 
7f0c5d140000-7f0c5d3b0000 rwxp 00000000 00:00 0 
7f0c5d3b0000-7f0c5d6cf000 ---p 00000000 00:00 0 
7f0c5d6cf000-7f0c5d93f000 rwxp 00000000 00:00 0 
7f0c5d93f000-7f0c64c07000 ---p 00000000 00:00 0 
7f0c64c07000-7f0c64e77000 rwxp 00000000 00:00 0 
7f0c64e77000-7f0c6c140000 ---p 00000000 00:00 0 
7f0c6c140000-7f0c74000000 r--s 00000000 fc:02 666126                     /usr/lib/jvm/java-17-openjdk-amd64/lib/modules
7f0c74000000-7f0c74075000 rw-p 00000000 00:00 0 
7f0c74075000-7f0c78000000 ---p 00000000 00:00 0 
7f0c78079000-7f0c7807a000 ---p 00000000 00:00 0 
7f0c7807a000-7f0c7817b000 rw-p 00000000 00:00 0 
7f0c7817b000-7f0c7817c000 ---p 00000000 00:00 0 
7f0c7817c000-7f0c7828c000 rw-p 00000000 00:00 0 
7f0c7828c000-7f0c7903c000 ---p 00000000 00:00 0 
7f0c7903c000-7f0c79243000 rw-p 00000000 00:00 0 
7f0c79243000-7f0c79329000 ---p 00000000 00:00 0 
7f0c79329000-7f0c7932e000 rw-p 00000000 00:00 0 
7f0c7932e000-7f0c79414000 ---p 00000000 00:00 0 
7f0c79414000-7f0c79419000 rw-p 00000000 00:00 0 
7f0c79419000-7f0c79420000 ---p 00000000 00:00 0 
7f0c79420000-7f0c79422000 r--s 0000c000 fc:02 167928                     /usr/share/java/java-atk-wrapper.jar
7f0c79422000-7f0c79424000 r--p 00000000 fc:02 666125                     /usr/lib/jvm/java-17-openjdk-amd64/lib/libzip.so
7f0c79424000-7f0c79429000 r-xp 00002000 fc:02 666125                     /usr/lib/jvm/java-17-openjdk-amd64/lib/libzip.so
7f0c79429000-7f0c7942b000 r--p 00007000 fc:02 666125                     /usr/lib/jvm/java-17-openjdk-amd64/lib/libzip.so
7f0c7942b000-7f0c7942c000 r--p 00008000 fc:02 666125                     /usr/lib/jvm/java-17-openjdk-amd64/lib/libzip.so
7f0c7942c000-7f0c7942d000 rw-p 00009000 fc:02 666125                     /usr/lib/jvm/java-17-openjdk-amd64/lib/libzip.so
7f0c7942d000-7f0c79439000 r--p 00000000 fc:02 666104                     /usr/lib/jvm/java-17-openjdk-amd64/lib/libjava.so
7f0c79439000-7f0c7944c000 r-xp 0000c000 fc:02 666104                     /usr/lib/jvm/java-17-openjdk-amd64/lib/libjava.so
7f0c7944c000-7f0c79452000 r--p 0001f000 fc:02 666104                     /usr/lib/jvm/java-17-openjdk-amd64/lib/libjava.so
7f0c79452000-7f0c79453000 ---p 00025000 fc:02 666104                     /usr/lib/jvm/java-17-openjdk-amd64/lib/libjava.so
7f0c79453000-7f0c79454000 r--p 00025000 fc:02 666104                     /usr/lib/jvm/java-17-openjdk-amd64/lib/libjava.so
7f0c79454000-7f0c79455000 rw-p 00026000 fc:02 666104                     /usr/lib/jvm/java-17-openjdk-amd64/lib/libjava.so
7f0c79455000-7f0c7945e000 rw-p 00000000 00:00 0 
7f0c7945e000-7f0c7945f000 ---p 00000000 00:00 0 
7f0c7945f000-7f0c79460000 r--p 00000000 00:00 0 
7f0c79460000-7f0c79464000 ---p 00000000 00:00 0 
7f0c79464000-7f0c79561000 rw-p 00000000 00:00 0 
7f0c79561000-7f0c79564000 r--p 00000000 fc:02 130941                     /usr/lib/x86_64-linux-gnu/libgcc_s.so.1
7f0c79564000-7f0c79576000 r-xp 00003000 fc:02 130941                     /usr/lib/x86_64-linux-gnu/libgcc_s.so.1
7f0c79576000-7f0c7957a000 r--p 00015000 fc:02 130941                     /usr/lib/x86_64-linux-gnu/libgcc_s.so.1
7f0c7957a000-7f0c7957b000 r--p 00018000 fc:02 130941                     /usr/lib/x86_64-linux-gnu/libgcc_s.so.1
7f0c7957b000-7f0c7957c000 rw-p 00019000 fc:02 130941                     /usr/lib/x86_64-linux-gnu/libgcc_s.so.1
7f0c7957c000-7f0c79589000 r--p 00000000 fc:02 136988                     /usr/lib/x86_64-linux-gnu/libm-2.31.so
7f0c79589000-7f0c79630000 r-xp 0000d000 fc:02 136988                     /usr/lib/x86_64-linux-gnu/libm-2.31.so
7f0c79630000-7f0c796c9000 r--p 000b4000 fc:02 136988                     /usr/lib/x86_64-linux-gnu/libm-2.31.so
7f0c796c9000-7f0c796ca000 r--p 0014c000 fc:02 136988                     /usr/lib/x86_64-linux-gnu/libm-2.31.so
7f0c796ca000-7f0c796cb000 rw-p 0014d000 fc:02 136988                     /usr/lib/x86_64-linux-gnu/libm-2.31.so
7f0c796cb000-7f0c79761000 r--p 00000000 fc:02 130956                     /usr/lib/x86_64-linux-gnu/libstdc++.so.6.0.28
7f0c79761000-7f0c79852000 r-xp 00096000 fc:02 130956                     /usr/lib/x86_64-linux-gnu/libstdc++.so.6.0.28
7f0c79852000-7f0c7989b000 r--p 00187000 fc:02 130956                     /usr/lib/x86_64-linux-gnu/libstdc++.so.6.0.28
7f0c7989b000-7f0c7989c000 ---p 001d0000 fc:02 130956                     /usr/lib/x86_64-linux-gnu/libstdc++.so.6.0.28
7f0c7989c000-7f0c798a7000 r--p 001d0000 fc:02 130956                     /usr/lib/x86_64-linux-gnu/libstdc++.so.6.0.28
7f0c798a7000-7f0c798aa000 rw-p 001db000 fc:02 130956                     /usr/lib/x86_64-linux-gnu/libstdc++.so.6.0.28
7f0c798aa000-7f0c798ad000 rw-p 00000000 00:00 0 
7f0c798ad000-7f0c79afd000 r--p 00000000 fc:02 666132                     /usr/lib/jvm/java-17-openjdk-amd64/lib/server/libjvm.so
7f0c79afd000-7f0c7a88a000 r-xp 00250000 fc:02 666132                     /usr/lib/jvm/java-17-openjdk-amd64/lib/server/libjvm.so
7f0c7a88a000-7f0c7ab0f000 r--p 00fdd000 fc:02 666132                     /usr/lib/jvm/java-17-openjdk-amd64/lib/server/libjvm.so
7f0c7ab0f000-7f0c7ab10000 ---p 01262000 fc:02 666132                     /usr/lib/jvm/java-17-openjdk-amd64/lib/server/libjvm.so
7f0c7ab10000-7f0c7abc8000 r--p 01262000 fc:02 666132                     /usr/lib/jvm/java-17-openjdk-amd64/lib/server/libjvm.so
7f0c7abc8000-7f0c7abfd000 rw-p 0131a000 fc:02 666132                     /usr/lib/jvm/java-17-openjdk-amd64/lib/server/libjvm.so
7f0c7abfd000-7f0c7ac58000 rw-p 00000000 00:00 0 
7f0c7ac58000-7f0c7ac5e000 r--p 00000000 fc:02 137010                     /usr/lib/x86_64-linux-gnu/libpthread-2.31.so
7f0c7ac5e000-7f0c7ac6f000 r-xp 00006000 fc:02 137010                     /usr/lib/x86_64-linux-gnu/libpthread-2.31.so
7f0c7ac6f000-7f0c7ac75000 r--p 00017000 fc:02 137010                     /usr/lib/x86_64-linux-gnu/libpthread-2.31.so
7f0c7ac75000-7f0c7ac76000 r--p 0001c000 fc:02 137010                     /usr/lib/x86_64-linux-gnu/libpthread-2.31.so
7f0c7ac76000-7f0c7ac77000 rw-p 0001d000 fc:02 137010                     /usr/lib/x86_64-linux-gnu/libpthread-2.31.so
7f0c7ac77000-7f0c7ac7b000 rw-p 00000000 00:00 0 
7f0c7ac7b000-7f0c7ac7c000 r--p 00000000 fc:02 136987                     /usr/lib/x86_64-linux-gnu/libdl-2.31.so
7f0c7ac7c000-7f0c7ac7e000 r-xp 00001000 fc:02 136987                     /usr/lib/x86_64-linux-gnu/libdl-2.31.so
7f0c7ac7e000-7f0c7ac7f000 r--p 00003000 fc:02 136987                     /usr/lib/x86_64-linux-gnu/libdl-2.31.so
7f0c7ac7f000-7f0c7ac80000 r--p 00003000 fc:02 136987                     /usr/lib/x86_64-linux-gnu/libdl-2.31.so
7f0c7ac80000-7f0c7ac81000 rw-p 00004000 fc:02 136987                     /usr/lib/x86_64-linux-gnu/libdl-2.31.so
7f0c7ac81000-7f0c7ac83000 r--p 00000000 fc:02 130189                     /usr/lib/x86_64-linux-gnu/libz.so.1.2.11
7f0c7ac83000-7f0c7ac94000 r-xp 00002000 fc:02 130189                     /usr/lib/x86_64-linux-gnu/libz.so.1.2.11
7f0c7ac94000-7f0c7ac9a000 r--p 00013000 fc:02 130189                     /usr/lib/x86_64-linux-gnu/libz.so.1.2.11
7f0c7ac9a000-7f0c7ac9b000 ---p 00019000 fc:02 130189                     /usr/lib/x86_64-linux-gnu/libz.so.1.2.11
7f0c7ac9b000-7f0c7ac9c000 r--p 00019000 fc:02 130189                     /usr/lib/x86_64-linux-gnu/libz.so.1.2.11
7f0c7ac9c000-7f0c7ac9d000 rw-p 0001a000 fc:02 130189                     /usr/lib/x86_64-linux-gnu/libz.so.1.2.11
7f0c7ac9d000-7f0c7acbf000 r--p 00000000 fc:02 136981                     /usr/lib/x86_64-linux-gnu/libc-2.31.so
7f0c7acbf000-7f0c7ae37000 r-xp 00022000 fc:02 136981                     /usr/lib/x86_64-linux-gnu/libc-2.31.so
7f0c7ae37000-7f0c7ae85000 r--p 0019a000 fc:02 136981                     /usr/lib/x86_64-linux-gnu/libc-2.31.so
7f0c7ae85000-7f0c7ae89000 r--p 001e7000 fc:02 136981                     /usr/lib/x86_64-linux-gnu/libc-2.31.so
7f0c7ae89000-7f0c7ae8b000 rw-p 001eb000 fc:02 136981                     /usr/lib/x86_64-linux-gnu/libc-2.31.so
7f0c7ae8b000-7f0c7ae8f000 rw-p 00000000 00:00 0 
7f0c7ae90000-7f0c7ae92000 r--p 00000000 fc:02 666107                     /usr/lib/jvm/java-17-openjdk-amd64/lib/libjimage.so
7f0c7ae92000-7f0c7ae95000 r-xp 00002000 fc:02 666107                     /usr/lib/jvm/java-17-openjdk-amd64/lib/libjimage.so
7f0c7ae95000-7f0c7ae96000 r--p 00005000 fc:02 666107                     /usr/lib/jvm/java-17-openjdk-amd64/lib/libjimage.so
7f0c7ae96000-7f0c7ae97000 ---p 00006000 fc:02 666107                     /usr/lib/jvm/java-17-openjdk-amd64/lib/libjimage.so
7f0c7ae97000-7f0c7ae98000 r--p 00006000 fc:02 666107                     /usr/lib/jvm/java-17-openjdk-amd64/lib/libjimage.so
7f0c7ae98000-7f0c7ae99000 rw-p 00007000 fc:02 666107                     /usr/lib/jvm/java-17-openjdk-amd64/lib/libjimage.so
7f0c7ae99000-7f0c7ae9b000 r--p 00000000 fc:02 666108                     /usr/lib/jvm/java-17-openjdk-amd64/lib/libjli.so
7f0c7ae9b000-7f0c7aea5000 r-xp 00002000 fc:02 666108                     /usr/lib/jvm/java-17-openjdk-amd64/lib/libjli.so
7f0c7aea5000-7f0c7aea8000 r--p 0000c000 fc:02 666108                     /usr/lib/jvm/java-17-openjdk-amd64/lib/libjli.so
7f0c7aea8000-7f0c7aea9000 ---p 0000f000 fc:02 666108                     /usr/lib/jvm/java-17-openjdk-amd64/lib/libjli.so
7f0c7aea9000-7f0c7aeaa000 r--p 0000f000 fc:02 666108                     /usr/lib/jvm/java-17-openjdk-amd64/lib/libjli.so
7f0c7aeaa000-7f0c7aeab000 rw-p 00010000 fc:02 666108                     /usr/lib/jvm/java-17-openjdk-amd64/lib/libjli.so
7f0c7aeab000-7f0c7aead000 rw-p 00000000 00:00 0 
7f0c7aead000-7f0c7aeae000 r--p 00000000 fc:02 136977                     /usr/lib/x86_64-linux-gnu/ld-2.31.so
7f0c7aeae000-7f0c7aed1000 r-xp 00001000 fc:02 136977                     /usr/lib/x86_64-linux-gnu/ld-2.31.so
7f0c7aed1000-7f0c7aed9000 r--p 00024000 fc:02 136977                     /usr/lib/x86_64-linux-gnu/ld-2.31.so
7f0c7aed9000-7f0c7aeda000 ---p 00000000 00:00 0 
7f0c7aeda000-7f0c7aedb000 r--p 0002c000 fc:02 136977                     /usr/lib/x86_64-linux-gnu/ld-2.31.so
7f0c7aedb000-7f0c7aedc000 rw-p 0002d000 fc:02 136977                     /usr/lib/x86_64-linux-gnu/ld-2.31.so
7f0c7aedc000-7f0c7aedd000 rw-p 00000000 00:00 0 
7ffd482cc000-7ffd482ed000 rw-p 00000000 00:00 0                          [stack]
7ffd483c5000-7ffd483c8000 r--p 00000000 00:00 0                          [vvar]
7ffd483c8000-7ffd483c9000 r-xp 00000000 00:00 0                          [vdso]
ffffffffff600000-ffffffffff601000 --xp 00000000 00:00 0                  [vsyscall]


VM Arguments:
jvm_args: -Xms3500M -Xmx3500M -XX:+UseG1GC -XX:+ParallelRefProcEnabled -XX:MaxGCPauseMillis=200 -XX:+UnlockExperimentalVMOptions -XX:+DisableExplicitGC -XX:+AlwaysPreTouch -XX:G1NewSizePercent=30 -XX:G1MaxNewSizePercent=40 -XX:G1HeapRegionSize=8M -XX:G1ReservePercent=20 -XX:G1HeapWastePercent=5 -XX:G1MixedGCCountTarget=4 -XX:InitiatingHeapOccupancyPercent=15 -XX:G1MixedGCLiveThresholdPercent=90 -XX:G1RSetUpdatingPauseTimePercent=5 -XX:SurvivorRatio=32 -XX:+PerfDisableSharedMem -XX:MaxTenuringThreshold=1 
java_command: fabric-server-launch.jar nogui
java_class_path (initial): fabric-server-launch.jar
Launcher Type: SUN_STANDARD

[Global flags]
     bool AlwaysPreTouch                           = true                                      {product} {command line}
     bool AlwaysTenure                             = false                                     {product} {command line}
     intx CICompilerCount                          = 2                                         {product} {ergonomic}
     uint ConcGCThreads                            = 1                                         {product} {ergonomic}
     bool DisableExplicitGC                        = true                                      {product} {command line}
     uint G1ConcRefinementThreads                  = 2                                         {product} {ergonomic}
     uint G1EagerReclaimRemSetThreshold            = 64                                   {experimental} {ergonomic}
   size_t G1HeapRegionSize                         = 8388608                                   {product} {command line}
    uintx G1HeapWastePercent                       = 5                                         {product} {command line}
    uintx G1MaxNewSizePercent                      = 40                                   {experimental} {command line}
    uintx G1MixedGCCountTarget                     = 4                                         {product} {command line}
    uintx G1MixedGCLiveThresholdPercent            = 90                                   {experimental} {command line}
    uintx G1NewSizePercent                         = 30                                   {experimental} {command line}
     intx G1RSetUpdatingPauseTimePercent           = 5                                         {product} {command line}
    uintx G1ReservePercent                         = 20                                        {product} {command line}
    uintx GCDrainStackTargetSize                   = 64                                        {product} {ergonomic}
   size_t InitialHeapSize                          = 3674210304                                {product} {command line, ergonomic}
    uintx InitialTenuringThreshold                 = 1                                         {product} {ergonomic}
    uintx InitiatingHeapOccupancyPercent           = 15                                        {product} {command line}
   size_t MarkStackSize                            = 4194304                                   {product} {ergonomic}
    uintx MaxGCPauseMillis                         = 200                                       {product} {command line}
   size_t MaxHeapSize                              = 3674210304                                {product} {command line, ergonomic}
    uintx MaxTenuringThreshold                     = 1                                         {product} {command line}
   size_t MinHeapDeltaBytes                        = 8388608                                   {product} {ergonomic}
   size_t MinHeapSize                              = 3674210304                                {product} {command line, ergonomic}
     bool NeverTenure                              = false                                     {product} {command line}
    uintx NonNMethodCodeHeapSize                   = 5826188                                {pd product} {ergonomic}
    uintx NonProfiledCodeHeapSize                  = 122916026                              {pd product} {ergonomic}
     bool ParallelRefProcEnabled                   = true                                      {product} {command line}
     bool PerfDisableSharedMem                     = true                                      {product} {command line}
    uintx ProfiledCodeHeapSize                     = 122916026                              {pd product} {ergonomic}
    uintx ReservedCodeCacheSize                    = 251658240                              {pd product} {ergonomic}
     bool SegmentedCodeCache                       = true                                      {product} {ergonomic}
   size_t SoftMaxHeapSize                          = 3674210304                             {manageable} {ergonomic}
    uintx SurvivorRatio                            = 32                                        {product} {command line}
     bool UnlockExperimentalVMOptions              = true                                 {experimental} {command line}
     bool UseCompressedClassPointers               = true                           {product lp64_product} {ergonomic}
     bool UseCompressedOops                        = true                           {product lp64_product} {ergonomic}
     bool UseG1GC                                  = true                                      {product} {command line}

Logging:
Log output configuration:
 #0: stdout all=warning uptime,level,tags
 #1: stderr all=off uptime,level,tags

Environment Variables:
PATH=/usr/local/sbin:/usr/local/bin:/usr/sbin:/usr/bin:/sbin:/bin:/usr/games:/usr/local/games:/snap/bin
SHELL=/bin/bash
LANG=en_US.utf8
TERM=screen.xterm-256color

Signal Handlers:
   SIGSEGV: 0x00007f0c7a808710 in libjvm.so+16103184, mask=11100100010111111101111111111110, flags=SA_RESTART|SA_SIGINFO
    SIGBUS: 0x00007f0c7a808710 in libjvm.so+16103184, mask=11100100010111111101111111111110, flags=SA_RESTART|SA_SIGINFO
    SIGFPE: 0x00007f0c7a808710 in libjvm.so+16103184, mask=11100100010111111101111111111110, flags=SA_RESTART|SA_SIGINFO
   SIGPIPE: 0x00007f0c7a6aa480 in libjvm.so+14668928, mask=11100100010111111101111111111110, flags=SA_RESTART|SA_SIGINFO
   SIGXFSZ: 0x00007f0c7a6aa480 in libjvm.so+14668928, mask=11100100010111111101111111111110, flags=SA_RESTART|SA_SIGINFO
    SIGILL: 0x00007f0c7a808710 in libjvm.so+16103184, mask=11100100010111111101111111111110, flags=SA_RESTART|SA_SIGINFO
   SIGUSR2: 0x00007f0c7a6a9af0 in libjvm.so+14666480, mask=00000000000000000000000000000000, flags=SA_RESTART|SA_SIGINFO
    SIGHUP: SIG_DFL, mask=00000000000000000000000000000000, flags=none
    SIGINT: SIG_DFL, mask=00000000000000000000000000000000, flags=none
   SIGTERM: SIG_DFL, mask=00000000000000000000000000000000, flags=none
   SIGQUIT: 0x00007f0c7a6aa480 in libjvm.so+14668928, mask=11100100010111111101111111111110, flags=SA_RESTART|SA_SIGINFO
   SIGTRAP: 0x00007f0c7a808710 in libjvm.so+16103184, mask=11100100010111111101111111111110, flags=SA_RESTART|SA_SIGINFO


---------------  S Y S T E M  ---------------

OS:
DISTRIB_ID=Ubuntu
DISTRIB_RELEASE=20.04
DISTRIB_CODENAME=focal
DISTRIB_DESCRIPTION="Ubuntu 20.04 LTS"
uname: Linux 5.4.0-126-generic #142-Ubuntu SMP Fri Aug 26 12:12:57 UTC 2022 x86_64
OS uptime: 0 days 3:51 hours
libc: glibc 2.31 NPTL 2.31 
rlimit (soft/hard): STACK 8192k/infinity , CORE 0k/infinity , NPROC 13293/13293 , NOFILE 1048576/1048576 , AS infinity/infinity , CPU infinity/infinity , DATA infinity/infinity , FSIZE infinity/infinity , MEMLOCK 65536k/65536k
load average: 0.34 2.17 2.06

/proc/meminfo:
MemTotal:        3501224 kB
MemFree:         2738908 kB
MemAvailable:    2937952 kB
Buffers:            7504 kB
Cached:           389760 kB
SwapCached:            0 kB
Active:           254696 kB
Inactive:         362236 kB
Active(anon):     229720 kB
Inactive(anon):     1880 kB
Active(file):      24976 kB
Inactive(file):   360356 kB
Unevictable:       21080 kB
Mlocked:           21080 kB
SwapTotal:             0 kB
SwapFree:              0 kB
Dirty:               100 kB
Writeback:             0 kB
AnonPages:        240924 kB
Mapped:            60532 kB
Shmem:              2348 kB
KReclaimable:      33172 kB
Slab:              88748 kB
SReclaimable:      33172 kB
SUnreclaim:        55576 kB
KernelStack:        3128 kB
PageTables:         3320 kB
NFS_Unstable:          0 kB
Bounce:                0 kB
WritebackTmp:          0 kB
CommitLimit:     1750612 kB
Committed_AS:    1215684 kB
VmallocTotal:   34359738367 kB
VmallocUsed:       10852 kB
VmallocChunk:          0 kB
Percpu:             1552 kB
HardwareCorrupted:     0 kB
AnonHugePages:         0 kB
ShmemHugePages:        0 kB
ShmemPmdMapped:        0 kB
FileHugePages:         0 kB
FilePmdMapped:         0 kB
CmaTotal:              0 kB
CmaFree:               0 kB
HugePages_Total:       0
HugePages_Free:        0
HugePages_Rsvd:        0
HugePages_Surp:        0
Hugepagesize:       2048 kB
Hugetlb:               0 kB
DirectMap4k:      132984 kB
DirectMap2M:     4061184 kB
DirectMap1G:     2097152 kB

/sys/kernel/mm/transparent_hugepage/enabled: always [madvise] never
/sys/kernel/mm/transparent_hugepage/defrag (defrag/compaction efforts parameter): always defer defer+madvise [madvise] never

Process Memory:
Virtual Size: 840488K (peak: 4428584K)
Resident Set Size: 22104K (peak: 22104K) (anon: 9452K, file: 12652K, shmem: 0K)
Swapped out: 0K
C-Heap outstanding allocations: 4689K, retained: 438K
glibc malloc tunables: (default)

/proc/sys/kernel/threads-max (system-wide limit on the number of threads): 26587
/proc/sys/vm/max_map_count (maximum number of memory map areas a process may have): 65530
/proc/sys/kernel/pid_max (system-wide limit on number of process identifiers): 4194304

container (cgroup) information:
container_type: cgroupv1
cpu_cpuset_cpus: 0-1
cpu_memory_nodes: 0
active_processor_count: 2
cpu_quota: no quota
cpu_period: 100000
cpu_shares: no shares
memory_limit_in_bytes: unlimited
memory_and_swap_limit_in_bytes: not supported
memory_soft_limit_in_bytes: unlimited
memory_usage_in_bytes: 352812 k
memory_max_usage_in_bytes: 3048456 k
maximum number of tasks: unlimited
current number of tasks: 11

KVM virtualization detected
Steal ticks since vm start: 0
Steal ticks percentage since vm start:  0.000

CPU: total 2 (initial active 2) (2 cores per cpu, 1 threads per core) family 6 model 94 stepping 3 microcode 0x1, cx8, cmov, fxsr, mmx, 3dnowpref, sse, sse2, sse3, ssse3, sse4.1, sse4.2, popcnt, lzcnt, tsc, avx, avx2, aes, erms, clmul, bmi1, bmi2, rtm, adx, fma, vzeroupper, clflush, clflushopt, hv
CPU Model and flags from /proc/cpuinfo:
model name	: Intel(R) Xeon(R) Gold 6133 CPU @ 2.50GHz
flags		: fpu vme de pse tsc msr pae mce cx8 apic sep mtrr pge mca cmov pat pse36 clflush mmx fxsr sse sse2 ss ht syscall nx pdpe1gb rdtscp lm constant_tsc rep_good nopl cpuid tsc_known_freq pni pclmulqdq ssse3 fma cx16 pcid sse4_1 sse4_2 x2apic movbe popcnt tsc_deadline_timer aes xsave avx f16c rdrand hypervisor lahf_lm abm 3dnowprefetch invpcid_single pti fsgsbase bmi1 hle avx2 smep bmi2 erms invpcid rtm mpx rdseed adx smap clflushopt xsaveopt xsavec xgetbv1 arat

Online cpus: 0-1
Offline cpus: 
BIOS frequency limitation: <Not Available>
Frequency switch latency (ns): <Not Available>
Available cpu frequencies: <Not Available>
Current governor: <Not Available>
Core performance/turbo boost: <Not Available>

Memory: 4k page, physical 3501224k(2738908k free), swap 0k(0k free)
Page Sizes: 4k

vm_info: OpenJDK 64-Bit Server VM (17.0.4+8-Ubuntu-120.04) for linux-amd64 JRE (17.0.4+8-Ubuntu-120.04), built on Jul 22 2022 09:53:09 by "buildd" with gcc 9.4.0

END.
