#
# There is insufficient memory for the Java Runtime Environment to continue.
# Native memory allocation (mmap) failed to map 4722786304 bytes for committing reserved memory.
# Possible reasons:
#   The system is out of physical RAM or swap space
#   The process is running with CompressedOops enabled, and the Java Heap may be blocking the growth of the native heap
# Possible solutions:
#   Reduce memory load on the system
#   Increase physical memory or swap space
#   Check if swap backing store is full
#   Decrease Java heap size (-Xmx/-Xms)
#   Decrease number of Java threads
#   Decrease Java thread stack sizes (-Xss)
#   Set larger code cache with -XX:ReservedCodeCacheSize=
#   JVM is running with Zero Based Compressed Oops mode in which the Java heap is
#     placed in the first 32GB address space. The Java Heap base address is the
#     maximum limit for the native heap growth. Please use -XX:HeapBaseMinAddress
#     to set the Java Heap base and to place the Java Heap above 32GB virtual address.
# This output file may be truncated or incomplete.
#
#  Out of Memory Error (os_linux.cpp:2787), pid=7661, tid=7662
#
# JRE version:  (17.0.4+8) (build )
# Java VM: OpenJDK 64-Bit Server VM (17.0.4+8-Ubuntu-120.04, mixed mode, sharing, tiered, compressed oops, compressed class ptrs, g1 gc, linux-amd64)
# Core dump will be written. Default location: Core dumps may be processed with "/usr/share/apport/apport %p %s %c %d %P %E" (or dumping to /root/MF1182CTW/core.7661)
#

---------------  S U M M A R Y ------------

Command Line: -Xms4500M -Xmx4500M -XX:+UseG1GC -XX:+ParallelRefProcEnabled -XX:MaxGCPauseMillis=200 -XX:+UnlockExperimentalVMOptions -XX:+DisableExplicitGC -XX:+AlwaysPreTouch -XX:G1NewSizePercent=30 -XX:G1MaxNewSizePercent=40 -XX:G1HeapRegionSize=8M -XX:G1ReservePercent=20 -XX:G1HeapWastePercent=5 -XX:G1MixedGCCountTarget=4 -XX:InitiatingHeapOccupancyPercent=15 -XX:G1MixedGCLiveThresholdPercent=90 -XX:G1RSetUpdatingPauseTimePercent=5 -XX:SurvivorRatio=32 -XX:+PerfDisableSharedMem -XX:MaxTenuringThreshold=1 fabric-server-launch.jar nogui

Host: Intel(R) Xeon(R) Gold 6278C CPU @ 2.60GHz, 2 cores, 3G, Ubuntu 20.04.4 LTS
Time: Fri Oct 14 01:10:43 2022 CST elapsed time: 0.005682 seconds (0d 0h 0m 0s)

---------------  T H R E A D  ---------------

Current thread (0x00007fd2b8011f50):  JavaThread "Unknown thread" [_thread_in_vm, id=7662, stack(0x00007fd2bc17c000,0x00007fd2bc27d000)]

Stack: [0x00007fd2bc17c000,0x00007fd2bc27d000],  sp=0x00007fd2bc27b480,  free space=1021k
Native frames: (J=compiled Java code, j=interpreted, Vv=VM code, C=native code)
V  [libjvm.so+0xf5aa45]
V  [libjvm.so+0xf5b6f1]
V  [libjvm.so+0x617bb7]
V  [libjvm.so+0xc2f9f0]
V  [libjvm.so+0xc289c1]
V  [libjvm.so+0x74870e]
V  [libjvm.so+0x75cdd1]
V  [libjvm.so+0x7f02dc]
V  [libjvm.so+0x7f1329]
V  [libjvm.so+0x7f1542]
V  [libjvm.so+0x7009d6]
V  [libjvm.so+0x701187]
V  [libjvm.so+0xf07b56]
V  [libjvm.so+0x810f5b]
V  [libjvm.so+0xeddc1f]
V  [libjvm.so+0x8dadf5]  JNI_CreateJavaVM+0x55
C  [libjli.so+0x3e01]
C  [libjli.so+0x84ed]


---------------  P R O C E S S  ---------------

Threads class SMR info:
_java_thread_list=0x00007fd2bd9683a0, length=0, elements={
}

Java Threads: ( => current thread )

Other Threads:
  0x00007fd2b8069c90 GCTaskThread "GC Thread#0" [stack: 0x00007fd29662f000,0x00007fd29672f000] [id=7663]
  0x00007fd2b806f8b0 ConcurrentGCThread "G1 Main Marker" [stack: 0x00007fd29652d000,0x00007fd29662d000] [id=7664]
  0x00007fd2b8070810 ConcurrentGCThread "G1 Conc#0" [stack: 0x00007fd29642b000,0x00007fd29652b000] [id=7665]

[error occurred during error reporting (printing all threads), id 0xb, SIGSEGV (0xb) at pc=0x00007fd2bcce1a24]

VM state: not at safepoint (not fully initialized)

VM Mutex/Monitor currently owned by a thread:  ([mutex/lock_event])
[0x00007fd2b800fa30] Heap_lock - owner thread: 0x00007fd2b8011f50

Heap address: 0x00000006e6800000, size: 4504 MB, Compressed Oops mode: Zero based, Oop shift amount: 3

CDS archive(s) mapped at: [0x0000000000000000-0x0000000000000000-0x0000000000000000), size 0, SharedBaseAddress: 0x0000000800000000, ArchiveRelocationMode: 0.
Narrow klass base: 0x0000000000000000, Narrow klass shift: 0, Narrow klass range: 0x0

GC Precious Log:
<Empty>

Heap:
 garbage-first heap   total 0K, used 0K [0x00000006e6800000, 0x0000000800000000)
  region size 8192K, 0 young (0K), 0 survivors (0K)

[error occurred during error reporting (printing heap information), id 0xb, SIGSEGV (0xb) at pc=0x00007fd2bd29e85e]

GC Heap History (0 events):
No events

Deoptimization events (0 events):
No events

Classes unloaded (0 events):
No events

Classes redefined (0 events):
No events

Internal exceptions (0 events):
No events

VM Operations (0 events):
No events

Events (3 events):
Event: 0.001 Protecting memory [0x00007fd2bc17c000,0x00007fd2bc180000] with protection modes 0
Event: 0.001 Loaded shared library /usr/lib/jvm/java-17-openjdk-amd64/lib/libjava.so
Event: 0.001 Loaded shared library /usr/lib/jvm/java-17-openjdk-amd64/lib/libzip.so


Dynamic libraries:
5631a682d000-5631a682e000 r--p 00000000 fc:01 1720283                    /usr/lib/jvm/java-17-openjdk-amd64/bin/java
5631a682e000-5631a682f000 r-xp 00001000 fc:01 1720283                    /usr/lib/jvm/java-17-openjdk-amd64/bin/java
5631a682f000-5631a6830000 r--p 00002000 fc:01 1720283                    /usr/lib/jvm/java-17-openjdk-amd64/bin/java
5631a6830000-5631a6831000 r--p 00002000 fc:01 1720283                    /usr/lib/jvm/java-17-openjdk-amd64/bin/java
5631a6831000-5631a6832000 rw-p 00003000 fc:01 1720283                    /usr/lib/jvm/java-17-openjdk-amd64/bin/java
5631a8249000-5631a826a000 rw-p 00000000 00:00 0                          [heap]
7fd288000000-7fd288021000 rw-p 00000000 00:00 0 
7fd288021000-7fd28c000000 ---p 00000000 00:00 0 
7fd28c000000-7fd28c021000 rw-p 00000000 00:00 0 
7fd28c021000-7fd290000000 ---p 00000000 00:00 0 
7fd290000000-7fd290021000 rw-p 00000000 00:00 0 
7fd290021000-7fd294000000 ---p 00000000 00:00 0 
7fd294227000-7fd296429000 rw-p 00000000 00:00 0 
7fd296429000-7fd29642a000 ---p 00000000 00:00 0 
7fd29642a000-7fd29652b000 rw-p 00000000 00:00 0 
7fd29652b000-7fd29652c000 ---p 00000000 00:00 0 
7fd29652c000-7fd29662d000 rw-p 00000000 00:00 0 
7fd29662d000-7fd29662e000 ---p 00000000 00:00 0 
7fd29662e000-7fd29672f000 rw-p 00000000 00:00 0 
7fd29672f000-7fd2a0e53000 ---p 00000000 00:00 0 
7fd2a0e53000-7fd2a105a000 rw-p 00000000 00:00 0 
7fd2a105a000-7fd2a1140000 ---p 00000000 00:00 0 
7fd2a1140000-7fd2a13b0000 rwxp 00000000 00:00 0 
7fd2a13b0000-7fd2a16cf000 ---p 00000000 00:00 0 
7fd2a16cf000-7fd2a193f000 rwxp 00000000 00:00 0 
7fd2a193f000-7fd2a8c07000 ---p 00000000 00:00 0 
7fd2a8c07000-7fd2a8e77000 rwxp 00000000 00:00 0 
7fd2a8e77000-7fd2b0140000 ---p 00000000 00:00 0 
7fd2b0140000-7fd2b8000000 r--s 00000000 fc:01 1720347                    /usr/lib/jvm/java-17-openjdk-amd64/lib/modules
7fd2b8000000-7fd2b8083000 rw-p 00000000 00:00 0 
7fd2b8083000-7fd2bc000000 ---p 00000000 00:00 0 
7fd2bc032000-7fd2bc04a000 rw-p 00000000 00:00 0 
7fd2bc04a000-7fd2bc130000 ---p 00000000 00:00 0 
7fd2bc130000-7fd2bc135000 rw-p 00000000 00:00 0 
7fd2bc135000-7fd2bc13c000 ---p 00000000 00:00 0 
7fd2bc13c000-7fd2bc13e000 r--s 0000c000 fc:01 531838                     /usr/share/java/java-atk-wrapper.jar
7fd2bc13e000-7fd2bc140000 r--p 00000000 fc:01 1720346                    /usr/lib/jvm/java-17-openjdk-amd64/lib/libzip.so
7fd2bc140000-7fd2bc145000 r-xp 00002000 fc:01 1720346                    /usr/lib/jvm/java-17-openjdk-amd64/lib/libzip.so
7fd2bc145000-7fd2bc147000 r--p 00007000 fc:01 1720346                    /usr/lib/jvm/java-17-openjdk-amd64/lib/libzip.so
7fd2bc147000-7fd2bc148000 r--p 00008000 fc:01 1720346                    /usr/lib/jvm/java-17-openjdk-amd64/lib/libzip.so
7fd2bc148000-7fd2bc149000 rw-p 00009000 fc:01 1720346                    /usr/lib/jvm/java-17-openjdk-amd64/lib/libzip.so
7fd2bc149000-7fd2bc155000 r--p 00000000 fc:01 1720325                    /usr/lib/jvm/java-17-openjdk-amd64/lib/libjava.so
7fd2bc155000-7fd2bc168000 r-xp 0000c000 fc:01 1720325                    /usr/lib/jvm/java-17-openjdk-amd64/lib/libjava.so
7fd2bc168000-7fd2bc16e000 r--p 0001f000 fc:01 1720325                    /usr/lib/jvm/java-17-openjdk-amd64/lib/libjava.so
7fd2bc16e000-7fd2bc16f000 ---p 00025000 fc:01 1720325                    /usr/lib/jvm/java-17-openjdk-amd64/lib/libjava.so
7fd2bc16f000-7fd2bc170000 r--p 00025000 fc:01 1720325                    /usr/lib/jvm/java-17-openjdk-amd64/lib/libjava.so
7fd2bc170000-7fd2bc171000 rw-p 00026000 fc:01 1720325                    /usr/lib/jvm/java-17-openjdk-amd64/lib/libjava.so
7fd2bc171000-7fd2bc17a000 rw-p 00000000 00:00 0 
7fd2bc17a000-7fd2bc17b000 ---p 00000000 00:00 0 
7fd2bc17b000-7fd2bc17c000 r--p 00000000 00:00 0 
7fd2bc17c000-7fd2bc180000 ---p 00000000 00:00 0 
7fd2bc180000-7fd2bc27d000 rw-p 00000000 00:00 0 
7fd2bc27d000-7fd2bc280000 r--p 00000000 fc:01 1709285                    /usr/lib/x86_64-linux-gnu/libgcc_s.so.1
7fd2bc280000-7fd2bc292000 r-xp 00003000 fc:01 1709285                    /usr/lib/x86_64-linux-gnu/libgcc_s.so.1
7fd2bc292000-7fd2bc296000 r--p 00015000 fc:01 1709285                    /usr/lib/x86_64-linux-gnu/libgcc_s.so.1
7fd2bc296000-7fd2bc297000 r--p 00018000 fc:01 1709285                    /usr/lib/x86_64-linux-gnu/libgcc_s.so.1
7fd2bc297000-7fd2bc298000 rw-p 00019000 fc:01 1709285                    /usr/lib/x86_64-linux-gnu/libgcc_s.so.1
7fd2bc298000-7fd2bc2a7000 r--p 00000000 fc:01 1715511                    /usr/lib/x86_64-linux-gnu/libm-2.31.so
7fd2bc2a7000-7fd2bc34e000 r-xp 0000f000 fc:01 1715511                    /usr/lib/x86_64-linux-gnu/libm-2.31.so
7fd2bc34e000-7fd2bc3e5000 r--p 000b6000 fc:01 1715511                    /usr/lib/x86_64-linux-gnu/libm-2.31.so
7fd2bc3e5000-7fd2bc3e6000 r--p 0014c000 fc:01 1715511                    /usr/lib/x86_64-linux-gnu/libm-2.31.so
7fd2bc3e6000-7fd2bc3e7000 rw-p 0014d000 fc:01 1715511                    /usr/lib/x86_64-linux-gnu/libm-2.31.so
7fd2bc3e7000-7fd2bc47d000 r--p 00000000 fc:01 1709286                    /usr/lib/x86_64-linux-gnu/libstdc++.so.6.0.28
7fd2bc47d000-7fd2bc56e000 r-xp 00096000 fc:01 1709286                    /usr/lib/x86_64-linux-gnu/libstdc++.so.6.0.28
7fd2bc56e000-7fd2bc5b7000 r--p 00187000 fc:01 1709286                    /usr/lib/x86_64-linux-gnu/libstdc++.so.6.0.28
7fd2bc5b7000-7fd2bc5b8000 ---p 001d0000 fc:01 1709286                    /usr/lib/x86_64-linux-gnu/libstdc++.so.6.0.28
7fd2bc5b8000-7fd2bc5c3000 r--p 001d0000 fc:01 1709286                    /usr/lib/x86_64-linux-gnu/libstdc++.so.6.0.28
7fd2bc5c3000-7fd2bc5c6000 rw-p 001db000 fc:01 1709286                    /usr/lib/x86_64-linux-gnu/libstdc++.so.6.0.28
7fd2bc5c6000-7fd2bc5c9000 rw-p 00000000 00:00 0 
7fd2bc5c9000-7fd2bc819000 r--p 00000000 fc:01 1720353                    /usr/lib/jvm/java-17-openjdk-amd64/lib/server/libjvm.so
7fd2bc819000-7fd2bd5a6000 r-xp 00250000 fc:01 1720353                    /usr/lib/jvm/java-17-openjdk-amd64/lib/server/libjvm.so
7fd2bd5a6000-7fd2bd82b000 r--p 00fdd000 fc:01 1720353                    /usr/lib/jvm/java-17-openjdk-amd64/lib/server/libjvm.so
7fd2bd82b000-7fd2bd82c000 ---p 01262000 fc:01 1720353                    /usr/lib/jvm/java-17-openjdk-amd64/lib/server/libjvm.so
7fd2bd82c000-7fd2bd8e4000 r--p 01262000 fc:01 1720353                    /usr/lib/jvm/java-17-openjdk-amd64/lib/server/libjvm.so
7fd2bd8e4000-7fd2bd919000 rw-p 0131a000 fc:01 1720353                    /usr/lib/jvm/java-17-openjdk-amd64/lib/server/libjvm.so
7fd2bd919000-7fd2bd974000 rw-p 00000000 00:00 0 
7fd2bd974000-7fd2bd97b000 r--p 00000000 fc:01 1715522                    /usr/lib/x86_64-linux-gnu/libpthread-2.31.so
7fd2bd97b000-7fd2bd98c000 r-xp 00007000 fc:01 1715522                    /usr/lib/x86_64-linux-gnu/libpthread-2.31.so
7fd2bd98c000-7fd2bd991000 r--p 00018000 fc:01 1715522                    /usr/lib/x86_64-linux-gnu/libpthread-2.31.so
7fd2bd991000-7fd2bd992000 r--p 0001c000 fc:01 1715522                    /usr/lib/x86_64-linux-gnu/libpthread-2.31.so
7fd2bd992000-7fd2bd993000 rw-p 0001d000 fc:01 1715522                    /usr/lib/x86_64-linux-gnu/libpthread-2.31.so
7fd2bd993000-7fd2bd997000 rw-p 00000000 00:00 0 
7fd2bd997000-7fd2bd998000 r--p 00000000 fc:01 1715510                    /usr/lib/x86_64-linux-gnu/libdl-2.31.so
7fd2bd998000-7fd2bd99a000 r-xp 00001000 fc:01 1715510                    /usr/lib/x86_64-linux-gnu/libdl-2.31.so
7fd2bd99a000-7fd2bd99b000 r--p 00003000 fc:01 1715510                    /usr/lib/x86_64-linux-gnu/libdl-2.31.so
7fd2bd99b000-7fd2bd99c000 r--p 00003000 fc:01 1715510                    /usr/lib/x86_64-linux-gnu/libdl-2.31.so
7fd2bd99c000-7fd2bd99d000 rw-p 00004000 fc:01 1715510                    /usr/lib/x86_64-linux-gnu/libdl-2.31.so
7fd2bd99d000-7fd2bd99f000 r--p 00000000 fc:01 1705088                    /usr/lib/x86_64-linux-gnu/libz.so.1.2.11
7fd2bd99f000-7fd2bd9b0000 r-xp 00002000 fc:01 1705088                    /usr/lib/x86_64-linux-gnu/libz.so.1.2.11
7fd2bd9b0000-7fd2bd9b6000 r--p 00013000 fc:01 1705088                    /usr/lib/x86_64-linux-gnu/libz.so.1.2.11
7fd2bd9b6000-7fd2bd9b7000 ---p 00019000 fc:01 1705088                    /usr/lib/x86_64-linux-gnu/libz.so.1.2.11
7fd2bd9b7000-7fd2bd9b8000 r--p 00019000 fc:01 1705088                    /usr/lib/x86_64-linux-gnu/libz.so.1.2.11
7fd2bd9b8000-7fd2bd9b9000 rw-p 0001a000 fc:01 1705088                    /usr/lib/x86_64-linux-gnu/libz.so.1.2.11
7fd2bd9b9000-7fd2bd9de000 r--p 00000000 fc:01 1715509                    /usr/lib/x86_64-linux-gnu/libc-2.31.so
7fd2bd9de000-7fd2bdb56000 r-xp 00025000 fc:01 1715509                    /usr/lib/x86_64-linux-gnu/libc-2.31.so
7fd2bdb56000-7fd2bdba0000 r--p 0019d000 fc:01 1715509                    /usr/lib/x86_64-linux-gnu/libc-2.31.so
7fd2bdba0000-7fd2bdba1000 ---p 001e7000 fc:01 1715509                    /usr/lib/x86_64-linux-gnu/libc-2.31.so
7fd2bdba1000-7fd2bdba4000 r--p 001e7000 fc:01 1715509                    /usr/lib/x86_64-linux-gnu/libc-2.31.so
7fd2bdba4000-7fd2bdba7000 rw-p 001ea000 fc:01 1715509                    /usr/lib/x86_64-linux-gnu/libc-2.31.so
7fd2bdba7000-7fd2bdbab000 rw-p 00000000 00:00 0 
7fd2bdbab000-7fd2bdbad000 r--p 00000000 fc:01 1720328                    /usr/lib/jvm/java-17-openjdk-amd64/lib/libjimage.so
7fd2bdbad000-7fd2bdbb0000 r-xp 00002000 fc:01 1720328                    /usr/lib/jvm/java-17-openjdk-amd64/lib/libjimage.so
7fd2bdbb0000-7fd2bdbb1000 r--p 00005000 fc:01 1720328                    /usr/lib/jvm/java-17-openjdk-amd64/lib/libjimage.so
7fd2bdbb1000-7fd2bdbb2000 ---p 00006000 fc:01 1720328                    /usr/lib/jvm/java-17-openjdk-amd64/lib/libjimage.so
7fd2bdbb2000-7fd2bdbb3000 r--p 00006000 fc:01 1720328                    /usr/lib/jvm/java-17-openjdk-amd64/lib/libjimage.so
7fd2bdbb3000-7fd2bdbb4000 rw-p 00007000 fc:01 1720328                    /usr/lib/jvm/java-17-openjdk-amd64/lib/libjimage.so
7fd2bdbb4000-7fd2bdbb6000 r--p 00000000 fc:01 1720329                    /usr/lib/jvm/java-17-openjdk-amd64/lib/libjli.so
7fd2bdbb6000-7fd2bdbc0000 r-xp 00002000 fc:01 1720329                    /usr/lib/jvm/java-17-openjdk-amd64/lib/libjli.so
7fd2bdbc0000-7fd2bdbc3000 r--p 0000c000 fc:01 1720329                    /usr/lib/jvm/java-17-openjdk-amd64/lib/libjli.so
7fd2bdbc3000-7fd2bdbc4000 ---p 0000f000 fc:01 1720329                    /usr/lib/jvm/java-17-openjdk-amd64/lib/libjli.so
7fd2bdbc4000-7fd2bdbc5000 r--p 0000f000 fc:01 1720329                    /usr/lib/jvm/java-17-openjdk-amd64/lib/libjli.so
7fd2bdbc5000-7fd2bdbc6000 rw-p 00010000 fc:01 1720329                    /usr/lib/jvm/java-17-openjdk-amd64/lib/libjli.so
7fd2bdbc6000-7fd2bdbc8000 rw-p 00000000 00:00 0 
7fd2bdbc8000-7fd2bdbc9000 r--p 00000000 fc:01 1707039                    /usr/lib/x86_64-linux-gnu/ld-2.31.so
7fd2bdbc9000-7fd2bdbec000 r-xp 00001000 fc:01 1707039                    /usr/lib/x86_64-linux-gnu/ld-2.31.so
7fd2bdbec000-7fd2bdbf4000 r--p 00024000 fc:01 1707039                    /usr/lib/x86_64-linux-gnu/ld-2.31.so
7fd2bdbf4000-7fd2bdbf5000 ---p 00000000 00:00 0 
7fd2bdbf5000-7fd2bdbf6000 r--p 0002c000 fc:01 1707039                    /usr/lib/x86_64-linux-gnu/ld-2.31.so
7fd2bdbf6000-7fd2bdbf7000 rw-p 0002d000 fc:01 1707039                    /usr/lib/x86_64-linux-gnu/ld-2.31.so
7fd2bdbf7000-7fd2bdbf8000 rw-p 00000000 00:00 0 
7fff94439000-7fff9445a000 rw-p 00000000 00:00 0                          [stack]
7fff945a8000-7fff945ab000 r--p 00000000 00:00 0                          [vvar]
7fff945ab000-7fff945ac000 r-xp 00000000 00:00 0                          [vdso]
ffffffffff600000-ffffffffff601000 --xp 00000000 00:00 0                  [vsyscall]


VM Arguments:
jvm_args: -Xms4500M -Xmx4500M -XX:+UseG1GC -XX:+ParallelRefProcEnabled -XX:MaxGCPauseMillis=200 -XX:+UnlockExperimentalVMOptions -XX:+DisableExplicitGC -XX:+AlwaysPreTouch -XX:G1NewSizePercent=30 -XX:G1MaxNewSizePercent=40 -XX:G1HeapRegionSize=8M -XX:G1ReservePercent=20 -XX:G1HeapWastePercent=5 -XX:G1MixedGCCountTarget=4 -XX:InitiatingHeapOccupancyPercent=15 -XX:G1MixedGCLiveThresholdPercent=90 -XX:G1RSetUpdatingPauseTimePercent=5 -XX:SurvivorRatio=32 -XX:+PerfDisableSharedMem -XX:MaxTenuringThreshold=1 
java_command: fabric-server-launch.jar nogui
java_class_path (initial): fabric-server-launch.jar
Launcher Type: SUN_STANDARD

[Global flags]
     bool AlwaysPreTouch                           = true                                      {product} {command line}
     bool AlwaysTenure                             = false                                     {product} {command line}
     intx CICompilerCount                          = 2                                         {product} {ergonomic}
     uint ConcGCThreads                            = 1                                         {product} {ergonomic}
     bool DisableExplicitGC                        = true                                      {product} {command line}
     uint G1ConcRefinementThreads                  = 2                                         {product} {ergonomic}
     uint G1EagerReclaimRemSetThreshold            = 64                                   {experimental} {ergonomic}
   size_t G1HeapRegionSize                         = 8388608                                   {product} {command line}
    uintx G1HeapWastePercent                       = 5                                         {product} {command line}
    uintx G1MaxNewSizePercent                      = 40                                   {experimental} {command line}
    uintx G1MixedGCCountTarget                     = 4                                         {product} {command line}
    uintx G1MixedGCLiveThresholdPercent            = 90                                   {experimental} {command line}
    uintx G1NewSizePercent                         = 30                                   {experimental} {command line}
     intx G1RSetUpdatingPauseTimePercent           = 5                                         {product} {command line}
    uintx G1ReservePercent                         = 20                                        {product} {command line}
    uintx GCDrainStackTargetSize                   = 64                                        {product} {ergonomic}
   size_t InitialHeapSize                          = 4722786304                                {product} {command line, ergonomic}
    uintx InitialTenuringThreshold                 = 1                                         {product} {ergonomic}
    uintx InitiatingHeapOccupancyPercent           = 15                                        {product} {command line}
   size_t MarkStackSize                            = 4194304                                   {product} {ergonomic}
    uintx MaxGCPauseMillis                         = 200                                       {product} {command line}
   size_t MaxHeapSize                              = 4722786304                                {product} {command line, ergonomic}
    uintx MaxTenuringThreshold                     = 1                                         {product} {command line}
   size_t MinHeapDeltaBytes                        = 8388608                                   {product} {ergonomic}
   size_t MinHeapSize                              = 4722786304                                {product} {command line, ergonomic}
     bool NeverTenure                              = false                                     {product} {command line}
    uintx NonNMethodCodeHeapSize                   = 5826188                                {pd product} {ergonomic}
    uintx NonProfiledCodeHeapSize                  = 122916026                              {pd product} {ergonomic}
     bool ParallelRefProcEnabled                   = true                                      {product} {command line}
     bool PerfDisableSharedMem                     = true                                      {product} {command line}
    uintx ProfiledCodeHeapSize                     = 122916026                              {pd product} {ergonomic}
    uintx ReservedCodeCacheSize                    = 251658240                              {pd product} {ergonomic}
     bool SegmentedCodeCache                       = true                                      {product} {ergonomic}
   size_t SoftMaxHeapSize                          = 4722786304                             {manageable} {ergonomic}
    uintx SurvivorRatio                            = 32                                        {product} {command line}
     bool UnlockExperimentalVMOptions              = true                                 {experimental} {command line}
     bool UseCompressedClassPointers               = true                           {product lp64_product} {ergonomic}
     bool UseCompressedOops                        = true                           {product lp64_product} {ergonomic}
     bool UseFastUnorderedTimeStamps               = true                                 {experimental} {ergonomic}
     bool UseG1GC                                  = true                                      {product} {command line}

Logging:
Log output configuration:
 #0: stdout all=warning uptime,level,tags
 #1: stderr all=off uptime,level,tags

Environment Variables:
PATH=/usr/local/sbin:/usr/local/bin:/usr/sbin:/usr/bin:/sbin:/bin:/usr/games:/usr/local/games:/snap/bin
SHELL=/bin/bash
LANG=en_US.UTF-8
TERM=xterm-256color

Signal Handlers:
   SIGSEGV: 0x00007fd2bd524710 in libjvm.so+16103184, mask=11100100010111111101111111111110, flags=SA_RESTART|SA_SIGINFO
    SIGBUS: 0x00007fd2bd524710 in libjvm.so+16103184, mask=11100100010111111101111111111110, flags=SA_RESTART|SA_SIGINFO
    SIGFPE: 0x00007fd2bd524710 in libjvm.so+16103184, mask=11100100010111111101111111111110, flags=SA_RESTART|SA_SIGINFO
   SIGPIPE: 0x00007fd2bd3c6480 in libjvm.so+14668928, mask=11100100010111111101111111111110, flags=SA_RESTART|SA_SIGINFO
   SIGXFSZ: 0x00007fd2bd3c6480 in libjvm.so+14668928, mask=11100100010111111101111111111110, flags=SA_RESTART|SA_SIGINFO
    SIGILL: 0x00007fd2bd524710 in libjvm.so+16103184, mask=11100100010111111101111111111110, flags=SA_RESTART|SA_SIGINFO
   SIGUSR2: 0x00007fd2bd3c5af0 in libjvm.so+14666480, mask=00000000000000000000000000000000, flags=SA_RESTART|SA_SIGINFO
    SIGHUP: SIG_DFL, mask=00000000000000000000000000000000, flags=none
    SIGINT: SIG_DFL, mask=00000000000000000000000000000000, flags=none
   SIGTERM: SIG_DFL, mask=00000000000000000000000000000000, flags=none
   SIGQUIT: 0x00007fd2bd3c6480 in libjvm.so+14668928, mask=11100100010111111101111111111110, flags=SA_RESTART|SA_SIGINFO
   SIGTRAP: 0x00007fd2bd524710 in libjvm.so+16103184, mask=11100100010111111101111111111110, flags=SA_RESTART|SA_SIGINFO


---------------  S Y S T E M  ---------------

OS:
DISTRIB_ID=Ubuntu
DISTRIB_RELEASE=20.04
DISTRIB_CODENAME=focal
DISTRIB_DESCRIPTION="Ubuntu 20.04.4 LTS"
uname: Linux 5.4.0-100-generic #113-Ubuntu SMP Thu Feb 3 18:43:29 UTC 2022 x86_64
OS uptime: 0 days 4:53 hours
libc: glibc 2.31 NPTL 2.31 
rlimit (soft/hard): STACK 8192k/infinity , CORE 0k/infinity , NPROC 15373/15373 , NOFILE 65535/65535 , AS infinity/infinity , CPU infinity/infinity , DATA infinity/infinity , FSIZE infinity/infinity , MEMLOCK 65536k/65536k
load average: 0.08 0.03 0.00

/proc/meminfo:
MemTotal:        4025672 kB
MemFree:          710316 kB
MemAvailable:    3516816 kB
Buffers:           85028 kB
Cached:          2857808 kB
SwapCached:            0 kB
Active:           671716 kB
Inactive:        2377764 kB
Active(anon):     115576 kB
Inactive(anon):     1852 kB
Active(file):     556140 kB
Inactive(file):  2375912 kB
Unevictable:       18464 kB
Mlocked:           18464 kB
SwapTotal:             0 kB
SwapFree:              0 kB
Dirty:               256 kB
Writeback:             0 kB
AnonPages:        125164 kB
Mapped:           114716 kB
Shmem:              2584 kB
KReclaimable:     158496 kB
Slab:             216272 kB
SReclaimable:     158496 kB
SUnreclaim:        57776 kB
KernelStack:        2864 kB
PageTables:         2636 kB
NFS_Unstable:          0 kB
Bounce:                0 kB
WritebackTmp:          0 kB
CommitLimit:     2012836 kB
Committed_AS:     763708 kB
VmallocTotal:   34359738367 kB
VmallocUsed:       10032 kB
VmallocChunk:          0 kB
Percpu:             1568 kB
HardwareCorrupted:     0 kB
AnonHugePages:         0 kB
ShmemHugePages:        0 kB
ShmemPmdMapped:        0 kB
FileHugePages:         0 kB
FilePmdMapped:         0 kB
CmaTotal:              0 kB
CmaFree:               0 kB
HugePages_Total:       0
HugePages_Free:        0
HugePages_Rsvd:        0
HugePages_Surp:        0
Hugepagesize:       2048 kB
Hugetlb:               0 kB
DirectMap4k:      132608 kB
DirectMap2M:     4061184 kB
DirectMap1G:     2097152 kB

/sys/kernel/mm/transparent_hugepage/enabled: always [madvise] never
/sys/kernel/mm/transparent_hugepage/defrag (defrag/compaction efforts parameter): always defer defer+madvise [madvise] never

Process Memory:
Virtual Size: 878504K (peak: 5490600K)
Resident Set Size: 22908K (peak: 22908K) (anon: 9500K, file: 13408K, shmem: 0K)
Swapped out: 0K
C-Heap outstanding allocations: 4744K, retained: 439K
glibc malloc tunables: (default)

/proc/sys/kernel/threads-max (system-wide limit on the number of threads): 30747
/proc/sys/vm/max_map_count (maximum number of memory map areas a process may have): 65530
/proc/sys/kernel/pid_max (system-wide limit on number of process identifiers): 4194304

container (cgroup) information:
container_type: cgroupv1
cpu_cpuset_cpus: 0-1
cpu_memory_nodes: 0
active_processor_count: 2
cpu_quota: no quota
cpu_period: 100000
cpu_shares: no shares
memory_limit_in_bytes: unlimited
memory_and_swap_limit_in_bytes: not supported
memory_soft_limit_in_bytes: unlimited
memory_usage_in_bytes: 1106572 k
memory_max_usage_in_bytes: 1540964 k
maximum number of tasks: unlimited
current number of tasks: 8

KVM virtualization detected
Steal ticks since vm start: 0
Steal ticks percentage since vm start:  0.000

CPU: total 2 (initial active 2) (1 cores per cpu, 2 threads per core) family 6 model 85 stepping 7 microcode 0x1, cx8, cmov, fxsr, ht, mmx, 3dnowpref, sse, sse2, sse3, ssse3, sse4.1, sse4.2, popcnt, lzcnt, tsc, tscinvbit, avx, avx2, aes, erms, clmul, bmi1, bmi2, rtm, adx, avx512f, avx512dq, avx512cd, avx512bw, avx512vl, fma, vzeroupper, avx512_vnni, clflush, clflushopt, clwb, hv
CPU Model and flags from /proc/cpuinfo:
model name	: Intel(R) Xeon(R) Gold 6278C CPU @ 2.60GHz
flags		: fpu vme de pse tsc msr pae mce cx8 apic sep mtrr pge mca cmov pat pse36 clflush mmx fxsr sse sse2 ss ht syscall nx pdpe1gb rdtscp lm constant_tsc rep_good nopl xtopology nonstop_tsc cpuid tsc_known_freq pni pclmulqdq ssse3 fma cx16 pcid sse4_1 sse4_2 x2apic movbe popcnt tsc_deadline_timer aes xsave avx f16c rdrand hypervisor lahf_lm abm 3dnowprefetch invpcid_single ssbd ibrs ibpb stibp ibrs_enhanced fsgsbase tsc_adjust bmi1 hle avx2 smep bmi2 erms invpcid rtm mpx avx512f avx512dq rdseed adx smap clflushopt clwb avx512cd avx512bw avx512vl xsaveopt xsavec xgetbv1 arat avx512_vnni md_clear flush_l1d arch_capabilities

Online cpus: 0-1
Offline cpus: 
BIOS frequency limitation: <Not Available>
Frequency switch latency (ns): <Not Available>
Available cpu frequencies: <Not Available>
Current governor: <Not Available>
Core performance/turbo boost: <Not Available>

Memory: 4k page, physical 4025672k(710316k free), swap 0k(0k free)
Page Sizes: 4k

vm_info: OpenJDK 64-Bit Server VM (17.0.4+8-Ubuntu-120.04) for linux-amd64 JRE (17.0.4+8-Ubuntu-120.04), built on Jul 22 2022 09:53:09 by "buildd" with gcc 9.4.0

END.
