[20:45:34] [main/INFO] [REI] Registered plugin provider DefaultPlugin [roughlyenoughitems] for REIPlugin
[20:45:34] [main/INFO] [REI] Registered plugin provider DefaultRuntimePlugin [roughlyenoughitems] for REIPlugin
[20:45:34] [main/INFO] [REI] Registered plugin provider DefaultPlugin [roughlyenoughitems] for REIServerPlugin
[20:45:34] [main/INFO] [REI] Registered plugin provider DefaultRuntimePlugin [roughlyenoughitems] for REIServerPlugin
[20:45:34] [main/INFO] [REI] Registered plugin provider FabricFluidAPISupportPlugin for REIServerPlugin
[20:45:34] [main/INFO] [REI] Registered plugin provider FabricFluidAPISupportPlugin for REIPlugin
[20:45:45] [Worker-Main-14/DEBUG] [REI] Processed 2 tags in 1.675 ms for minecraft:game_event
[20:45:45] [Worker-Main-12/DEBUG] [REI] Processed 0 tags in 72.60 μs for minecraft:worldgen/biome
[20:45:45] [Worker-Main-13/DEBUG] [REI] Processed 0 tags in 101.7 μs for minecraft:worldgen/configured_structure_feature
[20:45:45] [Worker-Main-12/DEBUG] [REI] Processed 10 tags in 72.20 μs for minecraft:fluid
[20:45:45] [Worker-Main-13/DEBUG] [REI] Processed 5 tags in 41.20 μs for minecraft:enchantment
[20:45:45] [Worker-Main-16/DEBUG] [REI] Processed 13 tags in 105.4 μs for minecraft:entity_type
[20:45:46] [Worker-Main-12/DEBUG] [REI] Processed 331 tags in 16.71 ms for minecraft:item
[20:45:46] [Worker-Main-15/DEBUG] [REI] Processed 361 tags in 3.918 ms for minecraft:block
[20:45:48] [Worker-Main-13/TRACE] [REI] [START] Reloading Section: "pre-register/"
[20:45:48] [Worker-Main-13/TRACE] [REI] [START] Reloading Section: "pre-register/DefaultPlugin [roughlyenoughitems]/"
[20:45:48] [Worker-Main-13/TRACE] [REI] [START] Reloading Section: "pre-register/DefaultPlugin [roughlyenoughitems]/" done in 3.870 ms
[20:45:48] [Worker-Main-13/TRACE] [REI] [START] Reloading Section: "pre-register/FabricFluidAPISupportPlugin/"
[20:45:48] [Worker-Main-13/TRACE] [REI] [START] Reloading Section: "pre-register/FabricFluidAPISupportPlugin/" done in 22.40 μs
[20:45:48] [Worker-Main-13/TRACE] [REI] [START] Reloading Section: "pre-register/DefaultRuntimePlugin [roughlyenoughitems]/"
[20:45:48] [Worker-Main-13/TRACE] [REI] [START] Reloading Section: "pre-register/DefaultRuntimePlugin [roughlyenoughitems]/" done in 18.70 μs
[20:45:48] [Worker-Main-13/TRACE] [REI] [START] Reloading Section: "pre-register/" done in 56.64 ms
[20:45:48] [Worker-Main-13/TRACE] [REI] [START] Reloading Section: "pre-register/"
[20:45:48] [Worker-Main-13/TRACE] [REI] [START] Reloading Section: "pre-register/DefaultPlugin [roughlyenoughitems]/"
[20:45:48] [Worker-Main-13/TRACE] [REI] [START] Reloading Section: "pre-register/DefaultPlugin [roughlyenoughitems]/" done in 18.60 μs
[20:45:48] [Worker-Main-13/TRACE] [REI] [START] Reloading Section: "pre-register/FabricFluidAPISupportPlugin/"
[20:45:48] [Worker-Main-13/TRACE] [REI] [START] Reloading Section: "pre-register/FabricFluidAPISupportPlugin/" done in 24.90 μs
[20:45:48] [Worker-Main-13/TRACE] [REI] [START] Reloading Section: "pre-register/DefaultRuntimePlugin [roughlyenoughitems]/"
[20:45:48] [Worker-Main-13/TRACE] [REI] [START] Reloading Section: "pre-register/DefaultRuntimePlugin [roughlyenoughitems]/" done in 18.00 μs
[20:45:48] [Worker-Main-13/TRACE] [REI] [START] Reloading Section: "pre-register/" done in 871.1 μs
[20:45:48] [Worker-Main-13/TRACE] [REI] [START] Reloading Section: "start-reload/"
[20:45:48] [Worker-Main-13/TRACE] [REI] [START] Reloading Section: "start-reload/EntryTypeRegistryImpl/"
[20:45:48] [Worker-Main-13/TRACE] [REI] [START] Reloading Section: "start-reload/EntryTypeRegistryImpl/" done in 637.7 μs
[20:45:48] [Worker-Main-13/TRACE] [REI] [START] Reloading Section: "start-reload/EntrySettingsAdapterRegistryImpl/"
[20:45:48] [Worker-Main-13/TRACE] [REI] [START] Reloading Section: "start-reload/EntrySettingsAdapterRegistryImpl/" done in 21.10 μs
[20:45:48] [Worker-Main-13/TRACE] [REI] [START] Reloading Section: "start-reload/RecipeManagerContextImpl/"
[20:45:48] [Worker-Main-13/TRACE] [REI] [START] Reloading Section: "start-reload/RecipeManagerContextImpl/" done in 17.10 μs
[20:45:48] [Worker-Main-13/TRACE] [REI] [START] Reloading Section: "start-reload/ItemComparatorRegistryImpl/"
[20:45:48] [Worker-Main-13/TRACE] [REI] [START] Reloading Section: "start-reload/ItemComparatorRegistryImpl/" done in 44.50 μs
[20:45:48] [Worker-Main-13/TRACE] [REI] [START] Reloading Section: "start-reload/FluidComparatorRegistryImpl/"
[20:45:48] [Worker-Main-13/TRACE] [REI] [START] Reloading Section: "start-reload/FluidComparatorRegistryImpl/" done in 17.90 μs
[20:45:48] [Worker-Main-13/TRACE] [REI] [START] Reloading Section: "start-reload/DisplaySerializerRegistryImpl/"
[20:45:48] [Worker-Main-13/TRACE] [REI] [START] Reloading Section: "start-reload/DisplaySerializerRegistryImpl/" done in 13.00 μs
[20:45:48] [Worker-Main-13/TRACE] [REI] [START] Reloading Section: "start-reload/FluidSupportProviderImpl/"
[20:45:48] [Worker-Main-13/TRACE] [REI] [START] Reloading Section: "start-reload/FluidSupportProviderImpl/" done in 34.70 μs
[20:45:48] [Worker-Main-13/TRACE] [REI] [START] Reloading Section: "start-reload/" done in 2.943 ms
[20:45:48] [Worker-Main-13/INFO] [REI] Reloading Plugin Manager [REIPlugin] stage [START], registered 3 plugins: DefaultRuntimePlugin [roughlyenoughitems], FabricFluidAPISupportPlugin, DefaultPlugin [roughlyenoughitems]
[20:45:48] [Worker-Main-13/TRACE] [REI] [START] Reloading Section: "reloadable-plugin/EntryTypeRegistryImpl/"
[20:45:48] [Worker-Main-13/TRACE] [REI] [START] Reloading Section: "reloadable-plugin/EntryTypeRegistryImpl/DefaultPlugin [roughlyenoughitems]/"
[20:45:48] [Worker-Main-13/TRACE] [REI] [START] Reloading Section: "reloadable-plugin/EntryTypeRegistryImpl/DefaultPlugin [roughlyenoughitems]/" done in 443.5 μs
[20:45:48] [Worker-Main-13/TRACE] [REI] [START] Reloading Section: "reloadable-plugin/EntryTypeRegistryImpl/FabricFluidAPISupportPlugin/"
[20:45:48] [Worker-Main-13/TRACE] [REI] [START] Reloading Section: "reloadable-plugin/EntryTypeRegistryImpl/FabricFluidAPISupportPlugin/" done in 27.10 μs
[20:45:48] [Worker-Main-13/TRACE] [REI] [START] Reloading Section: "reloadable-plugin/EntryTypeRegistryImpl/DefaultRuntimePlugin [roughlyenoughitems]/"
[20:45:49] [Worker-Main-13/TRACE] [REI] [START] Reloading Section: "reloadable-plugin/EntryTypeRegistryImpl/DefaultRuntimePlugin [roughlyenoughitems]/" done in 46.67 ms
[20:45:49] [Worker-Main-13/TRACE] [REI] [START] Reloading Section: "reloadable-plugin/EntryTypeRegistryImpl/" done in 49.06 ms
[20:45:49] [Worker-Main-13/TRACE] [REI] [START] Reloading Section: "reloadable-plugin/EntrySettingsAdapterRegistryImpl/"
[20:45:49] [Worker-Main-13/TRACE] [REI] [START] Reloading Section: "reloadable-plugin/EntrySettingsAdapterRegistryImpl/DefaultPlugin [roughlyenoughitems]/"
[20:45:49] [Worker-Main-13/TRACE] [REI] [START] Reloading Section: "reloadable-plugin/EntrySettingsAdapterRegistryImpl/DefaultPlugin [roughlyenoughitems]/" done in 24.90 μs
[20:45:49] [Worker-Main-13/TRACE] [REI] [START] Reloading Section: "reloadable-plugin/EntrySettingsAdapterRegistryImpl/FabricFluidAPISupportPlugin/"
[20:45:49] [Worker-Main-13/TRACE] [REI] [START] Reloading Section: "reloadable-plugin/EntrySettingsAdapterRegistryImpl/FabricFluidAPISupportPlugin/" done in 22.20 μs
[20:45:49] [Worker-Main-13/TRACE] [REI] [START] Reloading Section: "reloadable-plugin/EntrySettingsAdapterRegistryImpl/DefaultRuntimePlugin [roughlyenoughitems]/"
[20:45:49] [Worker-Main-13/TRACE] [REI] [START] Reloading Section: "reloadable-plugin/EntrySettingsAdapterRegistryImpl/DefaultRuntimePlugin [roughlyenoughitems]/" done in 23.00 μs
[20:45:49] [Worker-Main-13/TRACE] [REI] [START] Reloading Section: "reloadable-plugin/EntrySettingsAdapterRegistryImpl/" done in 1.059 ms
[20:45:49] [Worker-Main-13/TRACE] [REI] [START] Reloading Section: "reloadable-plugin/RecipeManagerContextImpl/"
[20:45:49] [Worker-Main-13/TRACE] [REI] [START] Reloading Section: "reloadable-plugin/RecipeManagerContextImpl/DefaultPlugin [roughlyenoughitems]/"
[20:45:49] [Worker-Main-13/TRACE] [REI] [START] Reloading Section: "reloadable-plugin/RecipeManagerContextImpl/DefaultPlugin [roughlyenoughitems]/" done in 21.50 μs
[20:45:49] [Worker-Main-13/TRACE] [REI] [START] Reloading Section: "reloadable-plugin/RecipeManagerContextImpl/FabricFluidAPISupportPlugin/"
[20:45:49] [Worker-Main-13/TRACE] [REI] [START] Reloading Section: "reloadable-plugin/RecipeManagerContextImpl/FabricFluidAPISupportPlugin/" done in 25.50 μs
[20:45:49] [Worker-Main-13/TRACE] [REI] [START] Reloading Section: "reloadable-plugin/RecipeManagerContextImpl/DefaultRuntimePlugin [roughlyenoughitems]/"
[20:45:49] [Worker-Main-13/TRACE] [REI] [START] Reloading Section: "reloadable-plugin/RecipeManagerContextImpl/DefaultRuntimePlugin [roughlyenoughitems]/" done in 22.90 μs
[20:45:49] [Worker-Main-13/TRACE] [REI] [START] Reloading Section: "reloadable-plugin/RecipeManagerContextImpl/" done in 944.2 μs
[20:45:49] [Worker-Main-13/TRACE] [REI] [START] Reloading Section: "reloadable-plugin/ItemComparatorRegistryImpl/"
[20:45:49] [Worker-Main-13/TRACE] [REI] [START] Reloading Section: "reloadable-plugin/ItemComparatorRegistryImpl/DefaultPlugin [roughlyenoughitems]/"
[20:45:49] [Worker-Main-13/TRACE] [REI] [START] Reloading Section: "reloadable-plugin/ItemComparatorRegistryImpl/DefaultPlugin [roughlyenoughitems]/" done in 1.439 ms
[20:45:49] [Worker-Main-13/TRACE] [REI] [START] Reloading Section: "reloadable-plugin/ItemComparatorRegistryImpl/FabricFluidAPISupportPlugin/"
[20:45:49] [Worker-Main-13/TRACE] [REI] [START] Reloading Section: "reloadable-plugin/ItemComparatorRegistryImpl/FabricFluidAPISupportPlugin/" done in 35.00 μs
[20:45:49] [Worker-Main-13/TRACE] [REI] [START] Reloading Section: "reloadable-plugin/ItemComparatorRegistryImpl/DefaultRuntimePlugin [roughlyenoughitems]/"
[20:45:49] [Worker-Main-13/TRACE] [REI] [START] Reloading Section: "reloadable-plugin/ItemComparatorRegistryImpl/DefaultRuntimePlugin [roughlyenoughitems]/" done in 31.10 μs
[20:45:49] [Worker-Main-13/TRACE] [REI] [START] Reloading Section: "reloadable-plugin/ItemComparatorRegistryImpl/" done in 2.498 ms
[20:45:49] [Worker-Main-13/TRACE] [REI] [START] Reloading Section: "reloadable-plugin/FluidComparatorRegistryImpl/"
[20:45:49] [Worker-Main-13/TRACE] [REI] [START] Reloading Section: "reloadable-plugin/FluidComparatorRegistryImpl/DefaultPlugin [roughlyenoughitems]/"
[20:45:49] [Worker-Main-13/TRACE] [REI] [START] Reloading Section: "reloadable-plugin/FluidComparatorRegistryImpl/DefaultPlugin [roughlyenoughitems]/" done in 78.60 μs
[20:45:49] [Worker-Main-13/TRACE] [REI] [START] Reloading Section: "reloadable-plugin/FluidComparatorRegistryImpl/FabricFluidAPISupportPlugin/"
[20:45:49] [Worker-Main-13/TRACE] [REI] [START] Reloading Section: "reloadable-plugin/FluidComparatorRegistryImpl/FabricFluidAPISupportPlugin/" done in 29.20 μs
[20:45:49] [Worker-Main-13/TRACE] [REI] [START] Reloading Section: "reloadable-plugin/FluidComparatorRegistryImpl/DefaultRuntimePlugin [roughlyenoughitems]/"
[20:45:49] [Worker-Main-13/TRACE] [REI] [START] Reloading Section: "reloadable-plugin/FluidComparatorRegistryImpl/DefaultRuntimePlugin [roughlyenoughitems]/" done in 23.80 μs
[20:45:49] [Worker-Main-13/TRACE] [REI] [START] Reloading Section: "reloadable-plugin/FluidComparatorRegistryImpl/" done in 1.287 ms
[20:45:49] [Worker-Main-13/TRACE] [REI] [START] Reloading Section: "reloadable-plugin/DisplaySerializerRegistryImpl/"
[20:45:49] [Worker-Main-13/TRACE] [REI] [START] Reloading Section: "reloadable-plugin/DisplaySerializerRegistryImpl/DefaultPlugin [roughlyenoughitems]/"
[20:45:49] [Worker-Main-13/TRACE] [REI] [START] Reloading Section: "reloadable-plugin/DisplaySerializerRegistryImpl/DefaultPlugin [roughlyenoughitems]/" done in 28.30 μs
[20:45:49] [Worker-Main-13/TRACE] [REI] [START] Reloading Section: "reloadable-plugin/DisplaySerializerRegistryImpl/FabricFluidAPISupportPlugin/"
[20:45:49] [Worker-Main-13/TRACE] [REI] [START] Reloading Section: "reloadable-plugin/DisplaySerializerRegistryImpl/FabricFluidAPISupportPlugin/" done in 21.30 μs
[20:45:49] [Worker-Main-13/TRACE] [REI] [START] Reloading Section: "reloadable-plugin/DisplaySerializerRegistryImpl/DefaultRuntimePlugin [roughlyenoughitems]/"
[20:45:49] [Worker-Main-13/TRACE] [REI] [START] Reloading Section: "reloadable-plugin/DisplaySerializerRegistryImpl/DefaultRuntimePlugin [roughlyenoughitems]/" done in 20.90 μs
[20:45:49] [Worker-Main-13/TRACE] [REI] [START] Reloading Section: "reloadable-plugin/DisplaySerializerRegistryImpl/" done in 894.9 μs
[20:45:49] [Worker-Main-13/TRACE] [REI] [START] Reloading Section: "reloadable-plugin/FluidSupportProviderImpl/"
[20:45:49] [Worker-Main-13/TRACE] [REI] [START] Reloading Section: "reloadable-plugin/FluidSupportProviderImpl/DefaultPlugin [roughlyenoughitems]/"
[20:45:49] [Worker-Main-13/TRACE] [REI] [START] Reloading Section: "reloadable-plugin/FluidSupportProviderImpl/DefaultPlugin [roughlyenoughitems]/" done in 1.893 ms
[20:45:49] [Worker-Main-13/TRACE] [REI] [START] Reloading Section: "reloadable-plugin/FluidSupportProviderImpl/FabricFluidAPISupportPlugin/"
[20:45:49] [Worker-Main-13/TRACE] [REI] [START] Reloading Section: "reloadable-plugin/FluidSupportProviderImpl/FabricFluidAPISupportPlugin/" done in 24.61 ms
[20:45:49] [Worker-Main-13/TRACE] [REI] [START] Reloading Section: "reloadable-plugin/FluidSupportProviderImpl/DefaultRuntimePlugin [roughlyenoughitems]/"
[20:45:49] [Worker-Main-13/TRACE] [REI] [START] Reloading Section: "reloadable-plugin/FluidSupportProviderImpl/DefaultRuntimePlugin [roughlyenoughitems]/" done in 41.40 μs
[20:45:49] [Worker-Main-13/TRACE] [REI] [START] Reloading Section: "reloadable-plugin/FluidSupportProviderImpl/" done in 27.81 ms
[20:45:49] [Worker-Main-13/TRACE] [REI] [START] Reloading Section: "end-reload/"
[20:45:49] [Worker-Main-13/TRACE] [REI] [START] Reloading Section: "end-reload/EntryTypeRegistryImpl/"
[20:45:49] [Worker-Main-13/TRACE] [REI] [START] Reloading Section: "end-reload/EntryTypeRegistryImpl/" done in 24.50 μs
[20:45:49] [Worker-Main-13/TRACE] [REI] [START] Reloading Section: "end-reload/EntrySettingsAdapterRegistryImpl/"
[20:45:49] [Worker-Main-13/TRACE] [REI] [START] Reloading Section: "end-reload/EntrySettingsAdapterRegistryImpl/" done in 14.50 μs
[20:45:49] [Worker-Main-13/TRACE] [REI] [START] Reloading Section: "end-reload/RecipeManagerContextImpl/"
[20:45:49] [Worker-Main-13/TRACE] [REI] [START] Reloading Section: "end-reload/RecipeManagerContextImpl/" done in 12.20 μs
[20:45:49] [Worker-Main-13/TRACE] [REI] [START] Reloading Section: "end-reload/ItemComparatorRegistryImpl/"
[20:45:49] [Worker-Main-13/TRACE] [REI] [START] Reloading Section: "end-reload/ItemComparatorRegistryImpl/" done in 12.00 μs
[20:45:49] [Worker-Main-13/TRACE] [REI] [START] Reloading Section: "end-reload/FluidComparatorRegistryImpl/"
[20:45:49] [Worker-Main-13/TRACE] [REI] [START] Reloading Section: "end-reload/FluidComparatorRegistryImpl/" done in 12.00 μs
[20:45:49] [Worker-Main-13/TRACE] [REI] [START] Reloading Section: "end-reload/DisplaySerializerRegistryImpl/"
[20:45:49] [Worker-Main-13/TRACE] [REI] [START] Reloading Section: "end-reload/DisplaySerializerRegistryImpl/" done in 11.20 μs
[20:45:49] [Worker-Main-13/TRACE] [REI] [START] Reloading Section: "end-reload/FluidSupportProviderImpl/"
[20:45:49] [Worker-Main-13/TRACE] [REI] [START] Reloading Section: "end-reload/FluidSupportProviderImpl/" done in 11.20 μs
[20:45:49] [Worker-Main-13/TRACE] [REI] [START] Reloading Section: "end-reload/" done in 1.881 ms
[20:45:49] [Worker-Main-13/TRACE] [REI] [START] Reloading Section: "start-reload/"
[20:45:49] [Worker-Main-13/TRACE] [REI] [START] Reloading Section: "start-reload/MenuInfoRegistryImpl/"
[20:45:49] [Worker-Main-13/TRACE] [REI] [START] Reloading Section: "start-reload/MenuInfoRegistryImpl/" done in 16.40 μs
[20:45:49] [Worker-Main-13/TRACE] [REI] [START] Reloading Section: "start-reload/" done in 251.3 μs
[20:45:49] [Worker-Main-13/INFO] [REI] Reloading Plugin Manager [REIServerPlugin] stage [START], registered 3 plugins: DefaultRuntimePlugin [roughlyenoughitems], FabricFluidAPISupportPlugin, DefaultPlugin [roughlyenoughitems]
[20:45:49] [Worker-Main-13/TRACE] [REI] [START] Reloading Section: "reloadable-plugin/MenuInfoRegistryImpl/"
[20:45:49] [Worker-Main-13/TRACE] [REI] [START] Reloading Section: "reloadable-plugin/MenuInfoRegistryImpl/DefaultPlugin [roughlyenoughitems]/"
[20:45:49] [Worker-Main-13/TRACE] [REI] [START] Reloading Section: "reloadable-plugin/MenuInfoRegistryImpl/DefaultPlugin [roughlyenoughitems]/" done in 22.90 μs
[20:45:49] [Worker-Main-13/TRACE] [REI] [START] Reloading Section: "reloadable-plugin/MenuInfoRegistryImpl/FabricFluidAPISupportPlugin/"
[20:45:49] [Worker-Main-13/TRACE] [REI] [START] Reloading Section: "reloadable-plugin/MenuInfoRegistryImpl/FabricFluidAPISupportPlugin/" done in 21.20 μs
[20:45:49] [Worker-Main-13/TRACE] [REI] [START] Reloading Section: "reloadable-plugin/MenuInfoRegistryImpl/DefaultRuntimePlugin [roughlyenoughitems]/"
[20:45:49] [Worker-Main-13/TRACE] [REI] [START] Reloading Section: "reloadable-plugin/MenuInfoRegistryImpl/DefaultRuntimePlugin [roughlyenoughitems]/" done in 35.60 μs
[20:45:49] [Worker-Main-13/TRACE] [REI] [START] Reloading Section: "reloadable-plugin/MenuInfoRegistryImpl/" done in 1.016 ms
[20:45:49] [Worker-Main-13/TRACE] [REI] [START] Reloading Section: "end-reload/"
[20:45:49] [Worker-Main-13/TRACE] [REI] [START] Reloading Section: "end-reload/MenuInfoRegistryImpl/"
[20:45:49] [Worker-Main-13/TRACE] [REI] [START] Reloading Section: "end-reload/MenuInfoRegistryImpl/" done in 12.80 μs
[20:45:49] [Worker-Main-13/TRACE] [REI] [START] Reloading Section: "end-reload/" done in 236.9 μs
[20:45:49] [Worker-Main-13/TRACE] [REI] [START] Reloading Section: "post-register/"
[20:45:49] [Worker-Main-13/TRACE] [REI] [START] Reloading Section: "post-register/DefaultPlugin [roughlyenoughitems]/"
[20:45:49] [Worker-Main-13/TRACE] [REI] [START] Reloading Section: "post-register/DefaultPlugin [roughlyenoughitems]/" done in 326.4 μs
[20:45:49] [Worker-Main-13/TRACE] [REI] [START] Reloading Section: "post-register/FabricFluidAPISupportPlugin/"
[20:45:49] [Worker-Main-13/TRACE] [REI] [START] Reloading Section: "post-register/FabricFluidAPISupportPlugin/" done in 17.70 μs
[20:45:49] [Worker-Main-13/TRACE] [REI] [START] Reloading Section: "post-register/DefaultRuntimePlugin [roughlyenoughitems]/"
[20:45:49] [Worker-Main-13/TRACE] [REI] [START] Reloading Section: "post-register/DefaultRuntimePlugin [roughlyenoughitems]/" done in 17.50 μs
[20:45:49] [Worker-Main-13/TRACE] [REI] [START] Reloading Section: "post-register/" done in 1.728 ms
[20:45:49] [Worker-Main-13/INFO] [REI] Reloaded Plugin Manager [REIPlugin] with 3 plugins in 190.2 ms.
[20:45:49] [Worker-Main-13/TRACE] [REI] [START] Reloading Section: "post-register/"
[20:45:49] [Worker-Main-13/TRACE] [REI] [START] Reloading Section: "post-register/DefaultPlugin [roughlyenoughitems]/"
[20:45:49] [Worker-Main-13/TRACE] [REI] [START] Reloading Section: "post-register/DefaultPlugin [roughlyenoughitems]/" done in 19.20 μs
[20:45:49] [Worker-Main-13/TRACE] [REI] [START] Reloading Section: "post-register/FabricFluidAPISupportPlugin/"
[20:45:49] [Worker-Main-13/TRACE] [REI] [START] Reloading Section: "post-register/FabricFluidAPISupportPlugin/" done in 16.00 μs
[20:45:49] [Worker-Main-13/TRACE] [REI] [START] Reloading Section: "post-register/DefaultRuntimePlugin [roughlyenoughitems]/"
[20:45:49] [Worker-Main-13/TRACE] [REI] [START] Reloading Section: "post-register/DefaultRuntimePlugin [roughlyenoughitems]/" done in 15.20 μs
[20:45:49] [Worker-Main-13/TRACE] [REI] [START] Reloading Section: "post-register/" done in 741.6 μs
[20:45:49] [Worker-Main-13/INFO] [REI] Reloaded Plugin Manager [REIServerPlugin] with 3 plugins in 4.781 ms.
[20:45:49] [Worker-Main-13/TRACE] [REI] [END] Reloading Section: "pre-register/"
[20:45:49] [Worker-Main-13/TRACE] [REI] [END] Reloading Section: "pre-register/DefaultPlugin [roughlyenoughitems]/"
[20:45:49] [Worker-Main-13/TRACE] [REI] [END] Reloading Section: "pre-register/DefaultPlugin [roughlyenoughitems]/" done in 18.00 μs
[20:45:49] [Worker-Main-13/TRACE] [REI] [END] Reloading Section: "pre-register/FabricFluidAPISupportPlugin/"
[20:45:49] [Worker-Main-13/TRACE] [REI] [END] Reloading Section: "pre-register/FabricFluidAPISupportPlugin/" done in 16.10 μs
[20:45:49] [Worker-Main-13/TRACE] [REI] [END] Reloading Section: "pre-register/DefaultRuntimePlugin [roughlyenoughitems]/"
[20:45:49] [Worker-Main-13/TRACE] [REI] [END] Reloading Section: "pre-register/DefaultRuntimePlugin [roughlyenoughitems]/" done in 16.80 μs
[20:45:49] [Worker-Main-13/TRACE] [REI] [END] Reloading Section: "pre-register/" done in 845.8 μs
[20:45:49] [Worker-Main-13/TRACE] [REI] [END] Reloading Section: "pre-register/"
[20:45:49] [Worker-Main-13/TRACE] [REI] [END] Reloading Section: "pre-register/DefaultPlugin [roughlyenoughitems]/"
[20:45:49] [Worker-Main-13/TRACE] [REI] [END] Reloading Section: "pre-register/DefaultPlugin [roughlyenoughitems]/" done in 19.50 μs
[20:45:49] [Worker-Main-13/TRACE] [REI] [END] Reloading Section: "pre-register/FabricFluidAPISupportPlugin/"
[20:45:49] [Worker-Main-13/TRACE] [REI] [END] Reloading Section: "pre-register/FabricFluidAPISupportPlugin/" done in 16.10 μs
[20:45:49] [Worker-Main-13/TRACE] [REI] [END] Reloading Section: "pre-register/DefaultRuntimePlugin [roughlyenoughitems]/"
[20:45:49] [Worker-Main-13/TRACE] [REI] [END] Reloading Section: "pre-register/DefaultRuntimePlugin [roughlyenoughitems]/" done in 16.80 μs
[20:45:49] [Worker-Main-13/TRACE] [REI] [END] Reloading Section: "pre-register/" done in 826.0 μs
[20:45:49] [Worker-Main-13/TRACE] [REI] [END] Reloading Section: "start-reload/"
[20:45:49] [Worker-Main-13/TRACE] [REI] [END] Reloading Section: "start-reload/EntryTypeRegistryImpl/"
[20:45:49] [Worker-Main-13/TRACE] [REI] [END] Reloading Section: "start-reload/EntryTypeRegistryImpl/" done in 13.90 μs
[20:45:49] [Worker-Main-13/TRACE] [REI] [END] Reloading Section: "start-reload/EntrySettingsAdapterRegistryImpl/"
[20:45:49] [Worker-Main-13/TRACE] [REI] [END] Reloading Section: "start-reload/EntrySettingsAdapterRegistryImpl/" done in 34.90 μs
[20:45:49] [Worker-Main-13/TRACE] [REI] [END] Reloading Section: "start-reload/RecipeManagerContextImpl/"
[20:45:49] [Worker-Main-13/TRACE] [REI] [END] Reloading Section: "start-reload/RecipeManagerContextImpl/" done in 20.90 μs
[20:45:49] [Worker-Main-13/TRACE] [REI] [END] Reloading Section: "start-reload/ItemComparatorRegistryImpl/"
[20:45:49] [Worker-Main-13/TRACE] [REI] [END] Reloading Section: "start-reload/ItemComparatorRegistryImpl/" done in 11.40 μs
[20:45:49] [Worker-Main-13/TRACE] [REI] [END] Reloading Section: "start-reload/FluidComparatorRegistryImpl/"
[20:45:49] [Worker-Main-13/TRACE] [REI] [END] Reloading Section: "start-reload/FluidComparatorRegistryImpl/" done in 12.00 μs
[20:45:49] [Worker-Main-13/TRACE] [REI] [END] Reloading Section: "start-reload/DisplaySerializerRegistryImpl/"
[20:45:49] [Worker-Main-13/TRACE] [REI] [END] Reloading Section: "start-reload/DisplaySerializerRegistryImpl/" done in 34.40 μs
[20:45:49] [Worker-Main-13/TRACE] [REI] [END] Reloading Section: "start-reload/FluidSupportProviderImpl/"
[20:45:49] [Worker-Main-13/TRACE] [REI] [END] Reloading Section: "start-reload/FluidSupportProviderImpl/" done in 12.90 μs
[20:45:49] [Worker-Main-13/TRACE] [REI] [END] Reloading Section: "start-reload/" done in 2.272 ms
[20:45:49] [Worker-Main-13/INFO] [REI] Reloading Plugin Manager [REIPlugin] stage [END], registered 3 plugins: DefaultRuntimePlugin [roughlyenoughitems], FabricFluidAPISupportPlugin, DefaultPlugin [roughlyenoughitems]
[20:45:49] [Worker-Main-13/TRACE] [REI] [END] Reloading Section: "reloadable-plugin/EntryTypeRegistryImpl/"
[20:45:49] [Worker-Main-13/TRACE] [REI] [END] Reloading Section: "reloadable-plugin/EntryTypeRegistryImpl/DefaultPlugin [roughlyenoughitems]/"
[20:45:49] [Worker-Main-13/TRACE] [REI] [END] Reloading Section: "reloadable-plugin/EntryTypeRegistryImpl/DefaultPlugin [roughlyenoughitems]/" done in 55.90 μs
[20:45:49] [Worker-Main-13/TRACE] [REI] [END] Reloading Section: "reloadable-plugin/EntryTypeRegistryImpl/FabricFluidAPISupportPlugin/"
[20:45:49] [Worker-Main-13/TRACE] [REI] [END] Reloading Section: "reloadable-plugin/EntryTypeRegistryImpl/FabricFluidAPISupportPlugin/" done in 27.80 μs
[20:45:49] [Worker-Main-13/TRACE] [REI] [END] Reloading Section: "reloadable-plugin/EntryTypeRegistryImpl/DefaultRuntimePlugin [roughlyenoughitems]/"
[20:45:49] [Worker-Main-13/TRACE] [REI] [END] Reloading Section: "reloadable-plugin/EntryTypeRegistryImpl/DefaultRuntimePlugin [roughlyenoughitems]/" done in 24.50 μs
[20:45:49] [Worker-Main-13/TRACE] [REI] [END] Reloading Section: "reloadable-plugin/EntryTypeRegistryImpl/" done in 1.150 ms
[20:45:49] [Worker-Main-13/TRACE] [REI] [END] Reloading Section: "reloadable-plugin/EntrySettingsAdapterRegistryImpl/"
[20:45:49] [Worker-Main-13/TRACE] [REI] [END] Reloading Section: "reloadable-plugin/EntrySettingsAdapterRegistryImpl/DefaultPlugin [roughlyenoughitems]/"
[20:45:49] [Worker-Main-13/TRACE] [REI] [END] Reloading Section: "reloadable-plugin/EntrySettingsAdapterRegistryImpl/DefaultPlugin [roughlyenoughitems]/" done in 40.90 μs
[20:45:49] [Worker-Main-13/TRACE] [REI] [END] Reloading Section: "reloadable-plugin/EntrySettingsAdapterRegistryImpl/FabricFluidAPISupportPlugin/"
[20:45:49] [Worker-Main-13/TRACE] [REI] [END] Reloading Section: "reloadable-plugin/EntrySettingsAdapterRegistryImpl/FabricFluidAPISupportPlugin/" done in 24.90 μs
[20:45:49] [Worker-Main-13/TRACE] [REI] [END] Reloading Section: "reloadable-plugin/EntrySettingsAdapterRegistryImpl/DefaultRuntimePlugin [roughlyenoughitems]/"
[20:45:49] [Worker-Main-13/TRACE] [REI] [END] Reloading Section: "reloadable-plugin/EntrySettingsAdapterRegistryImpl/DefaultRuntimePlugin [roughlyenoughitems]/" done in 23.60 μs
[20:45:49] [Worker-Main-13/TRACE] [REI] [END] Reloading Section: "reloadable-plugin/EntrySettingsAdapterRegistryImpl/" done in 894.4 μs
[20:45:49] [Worker-Main-13/TRACE] [REI] [END] Reloading Section: "reloadable-plugin/RecipeManagerContextImpl/"
[20:45:49] [Worker-Main-13/TRACE] [REI] [END] Reloading Section: "reloadable-plugin/RecipeManagerContextImpl/DefaultPlugin [roughlyenoughitems]/"
[20:45:49] [Worker-Main-13/TRACE] [REI] [END] Reloading Section: "reloadable-plugin/RecipeManagerContextImpl/DefaultPlugin [roughlyenoughitems]/" done in 25.60 μs
[20:45:49] [Worker-Main-13/TRACE] [REI] [END] Reloading Section: "reloadable-plugin/RecipeManagerContextImpl/FabricFluidAPISupportPlugin/"
[20:45:49] [Worker-Main-13/TRACE] [REI] [END] Reloading Section: "reloadable-plugin/RecipeManagerContextImpl/FabricFluidAPISupportPlugin/" done in 25.60 μs
[20:45:49] [Worker-Main-13/TRACE] [REI] [END] Reloading Section: "reloadable-plugin/RecipeManagerContextImpl/DefaultRuntimePlugin [roughlyenoughitems]/"
[20:45:49] [Worker-Main-13/TRACE] [REI] [END] Reloading Section: "reloadable-plugin/RecipeManagerContextImpl/DefaultRuntimePlugin [roughlyenoughitems]/" done in 65.00 μs
[20:45:49] [Worker-Main-13/TRACE] [REI] [END] Reloading Section: "reloadable-plugin/RecipeManagerContextImpl/" done in 1.042 ms
[20:45:49] [Worker-Main-13/TRACE] [REI] [END] Reloading Section: "reloadable-plugin/ItemComparatorRegistryImpl/"
[20:45:49] [Worker-Main-13/TRACE] [REI] [END] Reloading Section: "reloadable-plugin/ItemComparatorRegistryImpl/DefaultPlugin [roughlyenoughitems]/"
[20:45:49] [Worker-Main-13/TRACE] [REI] [END] Reloading Section: "reloadable-plugin/ItemComparatorRegistryImpl/DefaultPlugin [roughlyenoughitems]/" done in 25.40 μs
[20:45:49] [Worker-Main-13/TRACE] [REI] [END] Reloading Section: "reloadable-plugin/ItemComparatorRegistryImpl/FabricFluidAPISupportPlugin/"
[20:45:49] [Worker-Main-13/TRACE] [REI] [END] Reloading Section: "reloadable-plugin/ItemComparatorRegistryImpl/FabricFluidAPISupportPlugin/" done in 24.20 μs
[20:45:49] [Worker-Main-13/TRACE] [REI] [END] Reloading Section: "reloadable-plugin/ItemComparatorRegistryImpl/DefaultRuntimePlugin [roughlyenoughitems]/"
[20:45:49] [Worker-Main-13/TRACE] [REI] [END] Reloading Section: "reloadable-plugin/ItemComparatorRegistryImpl/DefaultRuntimePlugin [roughlyenoughitems]/" done in 23.50 μs
[20:45:49] [Worker-Main-13/TRACE] [REI] [END] Reloading Section: "reloadable-plugin/ItemComparatorRegistryImpl/" done in 860.5 μs
[20:45:49] [Worker-Main-13/TRACE] [REI] [END] Reloading Section: "reloadable-plugin/FluidComparatorRegistryImpl/"
[20:45:49] [Worker-Main-13/TRACE] [REI] [END] Reloading Section: "reloadable-plugin/FluidComparatorRegistryImpl/DefaultPlugin [roughlyenoughitems]/"
[20:45:49] [Worker-Main-13/TRACE] [REI] [END] Reloading Section: "reloadable-plugin/FluidComparatorRegistryImpl/DefaultPlugin [roughlyenoughitems]/" done in 24.30 μs
[20:45:49] [Worker-Main-13/TRACE] [REI] [END] Reloading Section: "reloadable-plugin/FluidComparatorRegistryImpl/FabricFluidAPISupportPlugin/"
[20:45:49] [Worker-Main-13/TRACE] [REI] [END] Reloading Section: "reloadable-plugin/FluidComparatorRegistryImpl/FabricFluidAPISupportPlugin/" done in 24.30 μs
[20:45:49] [Worker-Main-13/TRACE] [REI] [END] Reloading Section: "reloadable-plugin/FluidComparatorRegistryImpl/DefaultRuntimePlugin [roughlyenoughitems]/"
[20:45:49] [Worker-Main-13/TRACE] [REI] [END] Reloading Section: "reloadable-plugin/FluidComparatorRegistryImpl/DefaultRuntimePlugin [roughlyenoughitems]/" done in 28.90 μs
[20:45:49] [Worker-Main-13/TRACE] [REI] [END] Reloading Section: "reloadable-plugin/FluidComparatorRegistryImpl/" done in 811.3 μs
[20:45:49] [Worker-Main-13/TRACE] [REI] [END] Reloading Section: "reloadable-plugin/DisplaySerializerRegistryImpl/"
[20:45:49] [Worker-Main-13/TRACE] [REI] [END] Reloading Section: "reloadable-plugin/DisplaySerializerRegistryImpl/DefaultPlugin [roughlyenoughitems]/"
[20:45:49] [Worker-Main-13/TRACE] [REI] [END] Reloading Section: "reloadable-plugin/DisplaySerializerRegistryImpl/DefaultPlugin [roughlyenoughitems]/" done in 115.8 ms
[20:45:49] [Worker-Main-13/TRACE] [REI] [END] Reloading Section: "reloadable-plugin/DisplaySerializerRegistryImpl/FabricFluidAPISupportPlugin/"
[20:45:49] [Worker-Main-13/TRACE] [REI] [END] Reloading Section: "reloadable-plugin/DisplaySerializerRegistryImpl/FabricFluidAPISupportPlugin/" done in 35.20 μs
[20:45:49] [Worker-Main-13/TRACE] [REI] [END] Reloading Section: "reloadable-plugin/DisplaySerializerRegistryImpl/DefaultRuntimePlugin [roughlyenoughitems]/"
[20:45:49] [Worker-Main-13/TRACE] [REI] [END] Reloading Section: "reloadable-plugin/DisplaySerializerRegistryImpl/DefaultRuntimePlugin [roughlyenoughitems]/" done in 27.60 μs
[20:45:49] [Worker-Main-13/TRACE] [REI] [END] Reloading Section: "reloadable-plugin/DisplaySerializerRegistryImpl/" done in 117.0 ms
[20:45:49] [Worker-Main-13/TRACE] [REI] [END] Reloading Section: "reloadable-plugin/FluidSupportProviderImpl/"
[20:45:49] [Worker-Main-13/TRACE] [REI] [END] Reloading Section: "reloadable-plugin/FluidSupportProviderImpl/DefaultPlugin [roughlyenoughitems]/"
[20:45:49] [Worker-Main-13/TRACE] [REI] [END] Reloading Section: "reloadable-plugin/FluidSupportProviderImpl/DefaultPlugin [roughlyenoughitems]/" done in 22.50 μs
[20:45:49] [Worker-Main-13/TRACE] [REI] [END] Reloading Section: "reloadable-plugin/FluidSupportProviderImpl/FabricFluidAPISupportPlugin/"
[20:45:49] [Worker-Main-13/TRACE] [REI] [END] Reloading Section: "reloadable-plugin/FluidSupportProviderImpl/FabricFluidAPISupportPlugin/" done in 20.30 μs
[20:45:49] [Worker-Main-13/TRACE] [REI] [END] Reloading Section: "reloadable-plugin/FluidSupportProviderImpl/DefaultRuntimePlugin [roughlyenoughitems]/"
[20:45:49] [Worker-Main-13/TRACE] [REI] [END] Reloading Section: "reloadable-plugin/FluidSupportProviderImpl/DefaultRuntimePlugin [roughlyenoughitems]/" done in 20.40 μs
[20:45:49] [Worker-Main-13/TRACE] [REI] [END] Reloading Section: "reloadable-plugin/FluidSupportProviderImpl/" done in 754.6 μs
[20:45:49] [Worker-Main-13/TRACE] [REI] [END] Reloading Section: "end-reload/"
[20:45:49] [Worker-Main-13/TRACE] [REI] [END] Reloading Section: "end-reload/EntryTypeRegistryImpl/"
[20:45:49] [Worker-Main-13/TRACE] [REI] [END] Reloading Section: "end-reload/EntryTypeRegistryImpl/" done in 16.60 μs
[20:45:49] [Worker-Main-13/TRACE] [REI] [END] Reloading Section: "end-reload/EntrySettingsAdapterRegistryImpl/"
[20:45:49] [Worker-Main-13/TRACE] [REI] [END] Reloading Section: "end-reload/EntrySettingsAdapterRegistryImpl/" done in 12.80 μs
[20:45:49] [Worker-Main-13/TRACE] [REI] [END] Reloading Section: "end-reload/RecipeManagerContextImpl/"
[20:45:49] [Worker-Main-13/TRACE] [REI] [END] Reloading Section: "end-reload/RecipeManagerContextImpl/" done in 12.70 μs
[20:45:49] [Worker-Main-13/TRACE] [REI] [END] Reloading Section: "end-reload/ItemComparatorRegistryImpl/"
[20:45:49] [Worker-Main-13/TRACE] [REI] [END] Reloading Section: "end-reload/ItemComparatorRegistryImpl/" done in 13.30 μs
[20:45:49] [Worker-Main-13/TRACE] [REI] [END] Reloading Section: "end-reload/FluidComparatorRegistryImpl/"
[20:45:49] [Worker-Main-13/TRACE] [REI] [END] Reloading Section: "end-reload/FluidComparatorRegistryImpl/" done in 14.00 μs
[20:45:49] [Worker-Main-13/TRACE] [REI] [END] Reloading Section: "end-reload/DisplaySerializerRegistryImpl/"
[20:45:49] [Worker-Main-13/TRACE] [REI] [END] Reloading Section: "end-reload/DisplaySerializerRegistryImpl/" done in 10.80 μs
[20:45:49] [Worker-Main-13/TRACE] [REI] [END] Reloading Section: "end-reload/FluidSupportProviderImpl/"
[20:45:49] [Worker-Main-13/TRACE] [REI] [END] Reloading Section: "end-reload/FluidSupportProviderImpl/" done in 11.10 μs
[20:45:49] [Worker-Main-13/TRACE] [REI] [END] Reloading Section: "end-reload/" done in 2.843 ms
[20:45:49] [Worker-Main-13/TRACE] [REI] [END] Reloading Section: "start-reload/"
[20:45:49] [Worker-Main-13/TRACE] [REI] [END] Reloading Section: "start-reload/MenuInfoRegistryImpl/"
[20:45:49] [Worker-Main-13/TRACE] [REI] [END] Reloading Section: "start-reload/MenuInfoRegistryImpl/" done in 31.00 μs
[20:45:49] [Worker-Main-13/TRACE] [REI] [END] Reloading Section: "start-reload/" done in 235.4 μs
[20:45:49] [Worker-Main-13/INFO] [REI] Reloading Plugin Manager [REIServerPlugin] stage [END], registered 3 plugins: DefaultRuntimePlugin [roughlyenoughitems], FabricFluidAPISupportPlugin, DefaultPlugin [roughlyenoughitems]
[20:45:49] [Worker-Main-13/TRACE] [REI] [END] Reloading Section: "reloadable-plugin/MenuInfoRegistryImpl/"
[20:45:49] [Worker-Main-13/TRACE] [REI] [END] Reloading Section: "reloadable-plugin/MenuInfoRegistryImpl/DefaultPlugin [roughlyenoughitems]/"
[20:45:49] [Worker-Main-13/TRACE] [REI] [END] Reloading Section: "reloadable-plugin/MenuInfoRegistryImpl/DefaultPlugin [roughlyenoughitems]/" done in 34.24 ms
[20:45:49] [Worker-Main-13/TRACE] [REI] [END] Reloading Section: "reloadable-plugin/MenuInfoRegistryImpl/FabricFluidAPISupportPlugin/"
[20:45:49] [Worker-Main-13/TRACE] [REI] [END] Reloading Section: "reloadable-plugin/MenuInfoRegistryImpl/FabricFluidAPISupportPlugin/" done in 32.30 μs
[20:45:49] [Worker-Main-13/TRACE] [REI] [END] Reloading Section: "reloadable-plugin/MenuInfoRegistryImpl/DefaultRuntimePlugin [roughlyenoughitems]/"
[20:45:49] [Worker-Main-13/TRACE] [REI] [END] Reloading Section: "reloadable-plugin/MenuInfoRegistryImpl/DefaultRuntimePlugin [roughlyenoughitems]/" done in 25.40 μs
[20:45:49] [Worker-Main-13/TRACE] [REI] [END] Reloading Section: "reloadable-plugin/MenuInfoRegistryImpl/" done in 35.15 ms
[20:45:49] [Worker-Main-13/TRACE] [REI] [END] Reloading Section: "end-reload/"
[20:45:49] [Worker-Main-13/TRACE] [REI] [END] Reloading Section: "end-reload/MenuInfoRegistryImpl/"
[20:45:49] [Worker-Main-13/TRACE] [REI] [END] Reloading Section: "end-reload/MenuInfoRegistryImpl/" done in 10.90 μs
[20:45:49] [Worker-Main-13/TRACE] [REI] [END] Reloading Section: "end-reload/" done in 237.1 μs
[20:45:49] [Worker-Main-13/TRACE] [REI] [END] Reloading Section: "post-register/"
[20:45:49] [Worker-Main-13/TRACE] [REI] [END] Reloading Section: "post-register/DefaultPlugin [roughlyenoughitems]/"
[20:45:49] [Worker-Main-13/TRACE] [REI] [END] Reloading Section: "post-register/DefaultPlugin [roughlyenoughitems]/" done in 16.80 μs
[20:45:49] [Worker-Main-13/TRACE] [REI] [END] Reloading Section: "post-register/FabricFluidAPISupportPlugin/"
[20:45:49] [Worker-Main-13/TRACE] [REI] [END] Reloading Section: "post-register/FabricFluidAPISupportPlugin/" done in 15.00 μs
[20:45:49] [Worker-Main-13/TRACE] [REI] [END] Reloading Section: "post-register/DefaultRuntimePlugin [roughlyenoughitems]/"
[20:45:49] [Worker-Main-13/TRACE] [REI] [END] Reloading Section: "post-register/DefaultRuntimePlugin [roughlyenoughitems]/" done in 17.40 μs
[20:45:49] [Worker-Main-13/TRACE] [REI] [END] Reloading Section: "post-register/" done in 782.4 μs
[20:45:49] [Worker-Main-13/INFO] [REI] Reloaded Plugin Manager [REIPlugin] with 3 plugins in 132.9 ms.
[20:45:49] [Worker-Main-13/TRACE] [REI] [END] Reloading Section: "post-register/"
[20:45:49] [Worker-Main-13/TRACE] [REI] [END] Reloading Section: "post-register/DefaultPlugin [roughlyenoughitems]/"
[20:45:49] [Worker-Main-13/TRACE] [REI] [END] Reloading Section: "post-register/DefaultPlugin [roughlyenoughitems]/" done in 18.20 μs
[20:45:49] [Worker-Main-13/TRACE] [REI] [END] Reloading Section: "post-register/FabricFluidAPISupportPlugin/"
[20:45:49] [Worker-Main-13/TRACE] [REI] [END] Reloading Section: "post-register/FabricFluidAPISupportPlugin/" done in 16.80 μs
[20:45:49] [Worker-Main-13/TRACE] [REI] [END] Reloading Section: "post-register/DefaultRuntimePlugin [roughlyenoughitems]/"
[20:45:49] [Worker-Main-13/TRACE] [REI] [END] Reloading Section: "post-register/DefaultRuntimePlugin [roughlyenoughitems]/" done in 15.00 μs
[20:45:49] [Worker-Main-13/TRACE] [REI] [END] Reloading Section: "post-register/" done in 821.4 μs
[20:45:49] [Worker-Main-13/INFO] [REI] Reloaded Plugin Manager [REIServerPlugin] with 3 plugins in 38.84 ms.
